2024-07-22T22:47:33.380+05:30 DEBUG 19548 --- [08_SB_Logging_Proj01] [http-nio-4041-Poller] org.apache.tomcat.util.net.NioEndpoint   : timeout completed: keys processed=2; now=1721668653380; nextExpiration=1721668653366; keyCount=0; hasEvents=false; eval=false
2024-07-22T22:47:34.397+05:30 DEBUG 19548 --- [08_SB_Logging_Proj01] [http-nio-4041-Poller] org.apache.tomcat.util.net.NioEndpoint   : timeout completed: keys processed=2; now=1721668654397; nextExpiration=1721668654380; keyCount=0; hasEvents=false; eval=false
2024-07-22T22:47:35.408+05:30 DEBUG 19548 --- [08_SB_Logging_Proj01] [http-nio-4041-Poller] org.apache.tomcat.util.net.NioEndpoint   : timeout completed: keys processed=2; now=1721668655408; nextExpiration=1721668655397; keyCount=0; hasEvents=false; eval=false
2024-07-22T22:47:36.416+05:30 DEBUG 19548 --- [08_SB_Logging_Proj01] [http-nio-4041-Poller] org.apache.tomcat.util.net.NioEndpoint   : timeout completed: keys processed=2; now=1721668656416; nextExpiration=1721668656408; keyCount=0; hasEvents=false; eval=false
2024-07-22T22:47:36.446+05:30 DEBUG 19548 --- [08_SB_Logging_Proj01] [Catalina-utility-2] o.apache.catalina.session.ManagerBase    : Start expire sessions StandardManager at 1721668656446 sessioncount 0
2024-07-22T22:47:36.448+05:30 DEBUG 19548 --- [08_SB_Logging_Proj01] [Catalina-utility-2] o.apache.catalina.session.ManagerBase    : End expire sessions StandardManager processingTime 1 expired sessions: 0
2024-07-22T22:47:37.425+05:30 DEBUG 19548 --- [08_SB_Logging_Proj01] [http-nio-4041-Poller] org.apache.tomcat.util.net.NioEndpoint   : timeout completed: keys processed=2; now=1721668657425; nextExpiration=1721668657416; keyCount=0; hasEvents=false; eval=false
2024-07-22T22:47:38.438+05:30 DEBUG 19548 --- [08_SB_Logging_Proj01] [http-nio-4041-Poller] org.apache.tomcat.util.net.NioEndpoint   : timeout completed: keys processed=2; now=1721668658438; nextExpiration=1721668658425; keyCount=0; hasEvents=false; eval=false
2024-07-22T22:47:39.443+05:30 DEBUG 19548 --- [08_SB_Logging_Proj01] [http-nio-4041-Poller] org.apache.tomcat.util.net.NioEndpoint   : timeout completed: keys processed=2; now=1721668659443; nextExpiration=1721668659438; keyCount=0; hasEvents=false; eval=false
2024-07-22T22:47:40.450+05:30 DEBUG 19548 --- [08_SB_Logging_Proj01] [http-nio-4041-Poller] org.apache.tomcat.util.net.NioEndpoint   : timeout completed: keys processed=2; now=1721668660450; nextExpiration=1721668660443; keyCount=0; hasEvents=false; eval=false
2024-07-22T22:47:41.478+05:30 DEBUG 19548 --- [08_SB_Logging_Proj01] [http-nio-4041-Poller] org.apache.tomcat.util.net.NioEndpoint   : timeout completed: keys processed=2; now=1721668661477; nextExpiration=1721668661450; keyCount=0; hasEvents=false; eval=false
2024-07-22T22:47:42.482+05:30 DEBUG 19548 --- [08_SB_Logging_Proj01] [http-nio-4041-Poller] org.apache.tomcat.util.net.NioEndpoint   : timeout completed: keys processed=2; now=1721668662482; nextExpiration=1721668662477; keyCount=0; hasEvents=false; eval=false
2024-07-22T22:47:43.490+05:30 DEBUG 19548 --- [08_SB_Logging_Proj01] [http-nio-4041-Poller] org.apache.tomcat.util.net.NioEndpoint   : timeout completed: keys processed=2; now=1721668663490; nextExpiration=1721668663482; keyCount=0; hasEvents=false; eval=false
2024-07-22T22:47:44.497+05:30 DEBUG 19548 --- [08_SB_Logging_Proj01] [http-nio-4041-Poller] org.apache.tomcat.util.net.NioEndpoint   : timeout completed: keys processed=2; now=1721668664497; nextExpiration=1721668664490; keyCount=0; hasEvents=false; eval=false
2024-07-22T22:47:45.503+05:30 DEBUG 19548 --- [08_SB_Logging_Proj01] [http-nio-4041-Poller] org.apache.tomcat.util.net.NioEndpoint   : timeout completed: keys processed=2; now=1721668665503; nextExpiration=1721668665497; keyCount=0; hasEvents=false; eval=false
2024-07-22T22:47:46.514+05:30 DEBUG 19548 --- [08_SB_Logging_Proj01] [http-nio-4041-Poller] org.apache.tomcat.util.net.NioEndpoint   : timeout completed: keys processed=2; now=1721668666514; nextExpiration=1721668666503; keyCount=0; hasEvents=false; eval=false
2024-07-22T22:47:47.529+05:30 DEBUG 19548 --- [08_SB_Logging_Proj01] [http-nio-4041-Poller] org.apache.tomcat.util.net.NioEndpoint   : timeout completed: keys processed=2; now=1721668667529; nextExpiration=1721668667514; keyCount=0; hasEvents=false; eval=false
2024-07-22T22:47:48.530+05:30 DEBUG 19548 --- [08_SB_Logging_Proj01] [http-nio-4041-Poller] org.apache.tomcat.util.net.NioEndpoint   : timeout completed: keys processed=2; now=1721668668530; nextExpiration=1721668668529; keyCount=0; hasEvents=false; eval=false
2024-07-22T22:47:49.537+05:30 DEBUG 19548 --- [08_SB_Logging_Proj01] [http-nio-4041-Poller] org.apache.tomcat.util.net.NioEndpoint   : timeout completed: keys processed=2; now=1721668669537; nextExpiration=1721668669530; keyCount=0; hasEvents=false; eval=false
2024-07-22T22:47:50.545+05:30 DEBUG 19548 --- [08_SB_Logging_Proj01] [http-nio-4041-Poller] org.apache.tomcat.util.net.NioEndpoint   : timeout completed: keys processed=2; now=1721668670545; nextExpiration=1721668670537; keyCount=0; hasEvents=false; eval=false
2024-07-22T22:47:51.550+05:30 DEBUG 19548 --- [08_SB_Logging_Proj01] [http-nio-4041-Poller] org.apache.tomcat.util.net.NioEndpoint   : timeout completed: keys processed=2; now=1721668671550; nextExpiration=1721668671545; keyCount=0; hasEvents=false; eval=false
2024-07-22T22:47:52.552+05:30 DEBUG 19548 --- [08_SB_Logging_Proj01] [http-nio-4041-Poller] org.apache.tomcat.util.net.NioEndpoint   : timeout completed: keys processed=2; now=1721668672552; nextExpiration=1721668672550; keyCount=0; hasEvents=false; eval=false
2024-07-22T22:47:53.565+05:30 DEBUG 19548 --- [08_SB_Logging_Proj01] [http-nio-4041-Poller] org.apache.tomcat.util.net.NioEndpoint   : timeout completed: keys processed=2; now=1721668673565; nextExpiration=1721668673552; keyCount=0; hasEvents=false; eval=false
2024-07-22T22:47:54.578+05:30 DEBUG 19548 --- [08_SB_Logging_Proj01] [http-nio-4041-Poller] org.apache.tomcat.util.net.NioEndpoint   : timeout completed: keys processed=2; now=1721668674578; nextExpiration=1721668674565; keyCount=0; hasEvents=false; eval=false
2024-07-22T22:47:55.580+05:30 DEBUG 19548 --- [08_SB_Logging_Proj01] [http-nio-4041-Poller] org.apache.tomcat.util.net.NioEndpoint   : timeout completed: keys processed=2; now=1721668675580; nextExpiration=1721668675578; keyCount=0; hasEvents=false; eval=false
2024-07-22T22:47:56.581+05:30 DEBUG 19548 --- [08_SB_Logging_Proj01] [http-nio-4041-Poller] org.apache.tomcat.util.net.NioEndpoint   : timeout completed: keys processed=2; now=1721668676581; nextExpiration=1721668676580; keyCount=0; hasEvents=false; eval=false
2024-07-22T22:47:57.593+05:30 DEBUG 19548 --- [08_SB_Logging_Proj01] [http-nio-4041-Poller] org.apache.tomcat.util.net.NioEndpoint   : timeout completed: keys processed=2; now=1721668677593; nextExpiration=1721668677581; keyCount=0; hasEvents=false; eval=false
2024-07-22T22:47:58.599+05:30 DEBUG 19548 --- [08_SB_Logging_Proj01] [http-nio-4041-Poller] org.apache.tomcat.util.net.NioEndpoint   : timeout completed: keys processed=2; now=1721668678599; nextExpiration=1721668678593; keyCount=0; hasEvents=false; eval=false
2024-07-22T22:47:59.614+05:30 DEBUG 19548 --- [08_SB_Logging_Proj01] [http-nio-4041-Poller] org.apache.tomcat.util.net.NioEndpoint   : timeout completed: keys processed=2; now=1721668679614; nextExpiration=1721668679599; keyCount=0; hasEvents=false; eval=false
2024-07-22T22:48:00.616+05:30 DEBUG 19548 --- [08_SB_Logging_Proj01] [http-nio-4041-Poller] org.apache.tomcat.util.net.NioEndpoint   : timeout completed: keys processed=2; now=1721668680616; nextExpiration=1721668680614; keyCount=0; hasEvents=false; eval=false
2024-07-22T22:48:01.617+05:30 DEBUG 19548 --- [08_SB_Logging_Proj01] [http-nio-4041-Poller] org.apache.tomcat.util.net.NioEndpoint   : timeout completed: keys processed=2; now=1721668681617; nextExpiration=1721668681616; keyCount=0; hasEvents=false; eval=false
2024-07-22T22:48:02.622+05:30 DEBUG 19548 --- [08_SB_Logging_Proj01] [http-nio-4041-Poller] org.apache.tomcat.util.net.NioEndpoint   : timeout completed: keys processed=2; now=1721668682622; nextExpiration=1721668682617; keyCount=0; hasEvents=false; eval=false
2024-07-22T22:48:03.623+05:30 DEBUG 19548 --- [08_SB_Logging_Proj01] [http-nio-4041-Poller] org.apache.tomcat.util.net.NioEndpoint   : timeout completed: keys processed=2; now=1721668683623; nextExpiration=1721668683622; keyCount=0; hasEvents=false; eval=false
2024-07-22T22:48:04.627+05:30 DEBUG 19548 --- [08_SB_Logging_Proj01] [http-nio-4041-Poller] org.apache.tomcat.util.net.NioEndpoint   : timeout completed: keys processed=2; now=1721668684627; nextExpiration=1721668684623; keyCount=0; hasEvents=false; eval=false
2024-07-22T22:48:05.636+05:30 DEBUG 19548 --- [08_SB_Logging_Proj01] [http-nio-4041-Poller] org.apache.tomcat.util.net.NioEndpoint   : timeout completed: keys processed=2; now=1721668685636; nextExpiration=1721668685627; keyCount=0; hasEvents=false; eval=false
2024-07-22T22:48:06.639+05:30 DEBUG 19548 --- [08_SB_Logging_Proj01] [http-nio-4041-Poller] org.apache.tomcat.util.net.NioEndpoint   : timeout completed: keys processed=2; now=1721668686639; nextExpiration=1721668686636; keyCount=0; hasEvents=false; eval=false
2024-07-22T22:48:07.641+05:30 DEBUG 19548 --- [08_SB_Logging_Proj01] [http-nio-4041-Poller] org.apache.tomcat.util.net.NioEndpoint   : timeout completed: keys processed=2; now=1721668687641; nextExpiration=1721668687639; keyCount=0; hasEvents=false; eval=false
2024-07-22T22:48:08.645+05:30 DEBUG 19548 --- [08_SB_Logging_Proj01] [http-nio-4041-Poller] org.apache.tomcat.util.net.NioEndpoint   : timeout completed: keys processed=2; now=1721668688645; nextExpiration=1721668688641; keyCount=0; hasEvents=false; eval=false
2024-07-22T22:48:09.648+05:30 DEBUG 19548 --- [08_SB_Logging_Proj01] [http-nio-4041-Poller] org.apache.tomcat.util.net.NioEndpoint   : timeout completed: keys processed=2; now=1721668689648; nextExpiration=1721668689645; keyCount=0; hasEvents=false; eval=false
2024-07-22T22:48:10.657+05:30 DEBUG 19548 --- [08_SB_Logging_Proj01] [http-nio-4041-Poller] org.apache.tomcat.util.net.NioEndpoint   : timeout completed: keys processed=2; now=1721668690657; nextExpiration=1721668690648; keyCount=0; hasEvents=false; eval=false
2024-07-22T22:48:11.661+05:30 DEBUG 19548 --- [08_SB_Logging_Proj01] [http-nio-4041-Poller] org.apache.tomcat.util.net.NioEndpoint   : timeout completed: keys processed=2; now=1721668691661; nextExpiration=1721668691657; keyCount=0; hasEvents=false; eval=false
2024-07-22T22:48:12.665+05:30 DEBUG 19548 --- [08_SB_Logging_Proj01] [http-nio-4041-Poller] org.apache.tomcat.util.net.NioEndpoint   : timeout completed: keys processed=2; now=1721668692665; nextExpiration=1721668692661; keyCount=0; hasEvents=false; eval=false
2024-07-22T22:48:12.665+05:30 DEBUG 19548 --- [08_SB_Logging_Proj01] [http-nio-4041-exec-10] o.apache.tomcat.util.threads.LimitLatch  : Counting down[http-nio-4041-exec-10] latch=2
2024-07-22T22:48:12.665+05:30 DEBUG 19548 --- [08_SB_Logging_Proj01] [http-nio-4041-exec-10] org.apache.tomcat.util.net.NioEndpoint   : Calling [org.apache.tomcat.util.net.NioEndpoint@549527eb].closeSocket([org.apache.tomcat.util.net.NioEndpoint$NioSocketWrapper@3a23aeb9:org.apache.tomcat.util.net.NioChannel@235f507a:java.nio.channels.SocketChannel[connected local=/[0:0:0:0:0:0:0:1]:4041 remote=/[0:0:0:0:0:0:0:1]:62069]])
2024-07-22T22:48:13.680+05:30 DEBUG 19548 --- [08_SB_Logging_Proj01] [http-nio-4041-Poller] org.apache.tomcat.util.net.NioEndpoint   : timeout completed: keys processed=1; now=1721668693680; nextExpiration=1721668693665; keyCount=0; hasEvents=false; eval=false
2024-07-22T22:48:14.683+05:30 DEBUG 19548 --- [08_SB_Logging_Proj01] [http-nio-4041-Poller] org.apache.tomcat.util.net.NioEndpoint   : timeout completed: keys processed=1; now=1721668694683; nextExpiration=1721668694680; keyCount=0; hasEvents=false; eval=false
2024-07-22T22:48:15.688+05:30 DEBUG 19548 --- [08_SB_Logging_Proj01] [http-nio-4041-Poller] org.apache.tomcat.util.net.NioEndpoint   : timeout completed: keys processed=1; now=1721668695688; nextExpiration=1721668695683; keyCount=0; hasEvents=false; eval=false
2024-07-22T22:48:16.694+05:30 DEBUG 19548 --- [08_SB_Logging_Proj01] [http-nio-4041-Poller] org.apache.tomcat.util.net.NioEndpoint   : timeout completed: keys processed=1; now=1721668696694; nextExpiration=1721668696688; keyCount=0; hasEvents=false; eval=false
2024-07-22T22:48:17.695+05:30 DEBUG 19548 --- [08_SB_Logging_Proj01] [http-nio-4041-Poller] org.apache.tomcat.util.net.NioEndpoint   : timeout completed: keys processed=1; now=1721668697695; nextExpiration=1721668697694; keyCount=0; hasEvents=false; eval=false
2024-07-22T22:48:18.709+05:30 DEBUG 19548 --- [08_SB_Logging_Proj01] [http-nio-4041-Poller] org.apache.tomcat.util.net.NioEndpoint   : timeout completed: keys processed=1; now=1721668698709; nextExpiration=1721668698695; keyCount=0; hasEvents=false; eval=false
2024-07-22T22:48:19.712+05:30 DEBUG 19548 --- [08_SB_Logging_Proj01] [http-nio-4041-Poller] org.apache.tomcat.util.net.NioEndpoint   : timeout completed: keys processed=1; now=1721668699712; nextExpiration=1721668699709; keyCount=0; hasEvents=false; eval=false
2024-07-22T22:48:20.714+05:30 DEBUG 19548 --- [08_SB_Logging_Proj01] [http-nio-4041-Poller] org.apache.tomcat.util.net.NioEndpoint   : timeout completed: keys processed=1; now=1721668700714; nextExpiration=1721668700712; keyCount=0; hasEvents=false; eval=false
2024-07-22T22:48:21.715+05:30 DEBUG 19548 --- [08_SB_Logging_Proj01] [http-nio-4041-Poller] org.apache.tomcat.util.net.NioEndpoint   : timeout completed: keys processed=1; now=1721668701715; nextExpiration=1721668701714; keyCount=0; hasEvents=false; eval=false
2024-07-22T22:48:22.722+05:30 DEBUG 19548 --- [08_SB_Logging_Proj01] [http-nio-4041-Poller] org.apache.tomcat.util.net.NioEndpoint   : timeout completed: keys processed=1; now=1721668702722; nextExpiration=1721668702715; keyCount=0; hasEvents=false; eval=false
2024-07-22T22:48:22.722+05:30 DEBUG 19548 --- [08_SB_Logging_Proj01] [http-nio-4041-exec-1] o.apache.tomcat.util.threads.LimitLatch  : Counting down[http-nio-4041-exec-1] latch=1
2024-07-22T22:48:22.722+05:30 DEBUG 19548 --- [08_SB_Logging_Proj01] [http-nio-4041-exec-1] org.apache.tomcat.util.net.NioEndpoint   : Calling [org.apache.tomcat.util.net.NioEndpoint@549527eb].closeSocket([org.apache.tomcat.util.net.NioEndpoint$NioSocketWrapper@4ac47862:org.apache.tomcat.util.net.NioChannel@9f45426:java.nio.channels.SocketChannel[connected local=/[0:0:0:0:0:0:0:1]:4041 remote=/[0:0:0:0:0:0:0:1]:62068]])
2024-07-22T22:48:23.728+05:30 DEBUG 19548 --- [08_SB_Logging_Proj01] [http-nio-4041-Poller] org.apache.tomcat.util.net.NioEndpoint   : timeout completed: keys processed=0; now=1721668703728; nextExpiration=1721668703722; keyCount=0; hasEvents=false; eval=false
2024-07-22T22:48:24.735+05:30 DEBUG 19548 --- [08_SB_Logging_Proj01] [http-nio-4041-Poller] org.apache.tomcat.util.net.NioEndpoint   : timeout completed: keys processed=0; now=1721668704735; nextExpiration=1721668704728; keyCount=0; hasEvents=false; eval=false
2024-07-22T22:48:25.740+05:30 DEBUG 19548 --- [08_SB_Logging_Proj01] [http-nio-4041-Poller] org.apache.tomcat.util.net.NioEndpoint   : timeout completed: keys processed=0; now=1721668705740; nextExpiration=1721668705735; keyCount=0; hasEvents=false; eval=false
2024-07-22T22:48:26.744+05:30 DEBUG 19548 --- [08_SB_Logging_Proj01] [http-nio-4041-Poller] org.apache.tomcat.util.net.NioEndpoint   : timeout completed: keys processed=0; now=1721668706744; nextExpiration=1721668706740; keyCount=0; hasEvents=false; eval=false
2024-07-22T22:48:27.745+05:30 DEBUG 19548 --- [08_SB_Logging_Proj01] [http-nio-4041-Poller] org.apache.tomcat.util.net.NioEndpoint   : timeout completed: keys processed=0; now=1721668707745; nextExpiration=1721668707744; keyCount=0; hasEvents=false; eval=false
2024-07-22T22:48:28.747+05:30 DEBUG 19548 --- [08_SB_Logging_Proj01] [http-nio-4041-Poller] org.apache.tomcat.util.net.NioEndpoint   : timeout completed: keys processed=0; now=1721668708747; nextExpiration=1721668708745; keyCount=0; hasEvents=false; eval=false
2024-07-22T22:48:29.749+05:30 DEBUG 19548 --- [08_SB_Logging_Proj01] [http-nio-4041-Poller] org.apache.tomcat.util.net.NioEndpoint   : timeout completed: keys processed=0; now=1721668709749; nextExpiration=1721668709747; keyCount=0; hasEvents=false; eval=false
2024-07-22T22:48:30.751+05:30 DEBUG 19548 --- [08_SB_Logging_Proj01] [http-nio-4041-Poller] org.apache.tomcat.util.net.NioEndpoint   : timeout completed: keys processed=0; now=1721668710751; nextExpiration=1721668710749; keyCount=0; hasEvents=false; eval=false
2024-07-22T22:48:31.759+05:30 DEBUG 19548 --- [08_SB_Logging_Proj01] [http-nio-4041-Poller] org.apache.tomcat.util.net.NioEndpoint   : timeout completed: keys processed=0; now=1721668711759; nextExpiration=1721668711751; keyCount=0; hasEvents=false; eval=false
2024-07-22T22:48:32.763+05:30 DEBUG 19548 --- [08_SB_Logging_Proj01] [http-nio-4041-Poller] org.apache.tomcat.util.net.NioEndpoint   : timeout completed: keys processed=0; now=1721668712763; nextExpiration=1721668712759; keyCount=0; hasEvents=false; eval=false
2024-07-22T22:48:33.769+05:30 DEBUG 19548 --- [08_SB_Logging_Proj01] [http-nio-4041-Poller] org.apache.tomcat.util.net.NioEndpoint   : timeout completed: keys processed=0; now=1721668713769; nextExpiration=1721668713763; keyCount=0; hasEvents=false; eval=false
2024-07-22T22:48:34.773+05:30 DEBUG 19548 --- [08_SB_Logging_Proj01] [http-nio-4041-Poller] org.apache.tomcat.util.net.NioEndpoint   : timeout completed: keys processed=0; now=1721668714773; nextExpiration=1721668714769; keyCount=0; hasEvents=false; eval=false
2024-07-22T22:48:35.776+05:30 DEBUG 19548 --- [08_SB_Logging_Proj01] [http-nio-4041-Poller] org.apache.tomcat.util.net.NioEndpoint   : timeout completed: keys processed=0; now=1721668715776; nextExpiration=1721668715773; keyCount=0; hasEvents=false; eval=false
2024-07-22T22:48:36.488+05:30 DEBUG 19548 --- [08_SB_Logging_Proj01] [Catalina-utility-1] o.apache.catalina.session.ManagerBase    : Start expire sessions StandardManager at 1721668716488 sessioncount 0
2024-07-22T22:48:36.488+05:30 DEBUG 19548 --- [08_SB_Logging_Proj01] [Catalina-utility-1] o.apache.catalina.session.ManagerBase    : End expire sessions StandardManager processingTime 0 expired sessions: 0
2024-07-22T22:48:36.782+05:30 DEBUG 19548 --- [08_SB_Logging_Proj01] [http-nio-4041-Poller] org.apache.tomcat.util.net.NioEndpoint   : timeout completed: keys processed=0; now=1721668716782; nextExpiration=1721668716776; keyCount=0; hasEvents=false; eval=false
2024-07-22T22:48:37.786+05:30 DEBUG 19548 --- [08_SB_Logging_Proj01] [http-nio-4041-Poller] org.apache.tomcat.util.net.NioEndpoint   : timeout completed: keys processed=0; now=1721668717786; nextExpiration=1721668717782; keyCount=0; hasEvents=false; eval=false
2024-07-22T22:48:38.791+05:30 DEBUG 19548 --- [08_SB_Logging_Proj01] [http-nio-4041-Poller] org.apache.tomcat.util.net.NioEndpoint   : timeout completed: keys processed=0; now=1721668718791; nextExpiration=1721668718786; keyCount=0; hasEvents=false; eval=false
2024-07-22T22:48:39.803+05:30 DEBUG 19548 --- [08_SB_Logging_Proj01] [http-nio-4041-Poller] org.apache.tomcat.util.net.NioEndpoint   : timeout completed: keys processed=0; now=1721668719803; nextExpiration=1721668719791; keyCount=0; hasEvents=false; eval=false
2024-07-22T22:48:40.806+05:30 DEBUG 19548 --- [08_SB_Logging_Proj01] [http-nio-4041-Poller] org.apache.tomcat.util.net.NioEndpoint   : timeout completed: keys processed=0; now=1721668720806; nextExpiration=1721668720803; keyCount=0; hasEvents=false; eval=false
2024-07-22T22:48:41.818+05:30 DEBUG 19548 --- [08_SB_Logging_Proj01] [http-nio-4041-Poller] org.apache.tomcat.util.net.NioEndpoint   : timeout completed: keys processed=0; now=1721668721818; nextExpiration=1721668721806; keyCount=0; hasEvents=false; eval=false
2024-07-22T22:48:42.820+05:30 DEBUG 19548 --- [08_SB_Logging_Proj01] [http-nio-4041-Poller] org.apache.tomcat.util.net.NioEndpoint   : timeout completed: keys processed=0; now=1721668722820; nextExpiration=1721668722818; keyCount=0; hasEvents=false; eval=false
2024-07-22T22:48:43.821+05:30 DEBUG 19548 --- [08_SB_Logging_Proj01] [http-nio-4041-Poller] org.apache.tomcat.util.net.NioEndpoint   : timeout completed: keys processed=0; now=1721668723821; nextExpiration=1721668723820; keyCount=0; hasEvents=false; eval=false
2024-07-22T22:48:44.829+05:30 DEBUG 19548 --- [08_SB_Logging_Proj01] [http-nio-4041-Poller] org.apache.tomcat.util.net.NioEndpoint   : timeout completed: keys processed=0; now=1721668724829; nextExpiration=1721668724821; keyCount=0; hasEvents=false; eval=false
2024-07-22T22:48:45.841+05:30 DEBUG 19548 --- [08_SB_Logging_Proj01] [http-nio-4041-Poller] org.apache.tomcat.util.net.NioEndpoint   : timeout completed: keys processed=0; now=1721668725841; nextExpiration=1721668725829; keyCount=0; hasEvents=false; eval=false
2024-07-22T22:48:46.845+05:30 DEBUG 19548 --- [08_SB_Logging_Proj01] [http-nio-4041-Poller] org.apache.tomcat.util.net.NioEndpoint   : timeout completed: keys processed=0; now=1721668726845; nextExpiration=1721668726841; keyCount=0; hasEvents=false; eval=false
2024-07-22T22:48:47.857+05:30 DEBUG 19548 --- [08_SB_Logging_Proj01] [http-nio-4041-Poller] org.apache.tomcat.util.net.NioEndpoint   : timeout completed: keys processed=0; now=1721668727857; nextExpiration=1721668727845; keyCount=0; hasEvents=false; eval=false
2024-07-22T22:48:48.862+05:30 DEBUG 19548 --- [08_SB_Logging_Proj01] [http-nio-4041-Poller] org.apache.tomcat.util.net.NioEndpoint   : timeout completed: keys processed=0; now=1721668728862; nextExpiration=1721668728857; keyCount=0; hasEvents=false; eval=false
2024-07-22T22:48:49.865+05:30 DEBUG 19548 --- [08_SB_Logging_Proj01] [http-nio-4041-Poller] org.apache.tomcat.util.net.NioEndpoint   : timeout completed: keys processed=0; now=1721668729865; nextExpiration=1721668729862; keyCount=0; hasEvents=false; eval=false
2024-07-22T22:48:50.871+05:30 DEBUG 19548 --- [08_SB_Logging_Proj01] [http-nio-4041-Poller] org.apache.tomcat.util.net.NioEndpoint   : timeout completed: keys processed=0; now=1721668730871; nextExpiration=1721668730865; keyCount=0; hasEvents=false; eval=false
2024-07-22T22:48:51.881+05:30 DEBUG 19548 --- [08_SB_Logging_Proj01] [http-nio-4041-Poller] org.apache.tomcat.util.net.NioEndpoint   : timeout completed: keys processed=0; now=1721668731881; nextExpiration=1721668731871; keyCount=0; hasEvents=false; eval=false
2024-07-22T22:48:52.883+05:30 DEBUG 19548 --- [08_SB_Logging_Proj01] [http-nio-4041-Poller] org.apache.tomcat.util.net.NioEndpoint   : timeout completed: keys processed=0; now=1721668732883; nextExpiration=1721668732881; keyCount=0; hasEvents=false; eval=false
2024-07-22T22:48:53.886+05:30 DEBUG 19548 --- [08_SB_Logging_Proj01] [http-nio-4041-Poller] org.apache.tomcat.util.net.NioEndpoint   : timeout completed: keys processed=0; now=1721668733886; nextExpiration=1721668733883; keyCount=0; hasEvents=false; eval=false
2024-07-22T22:48:54.893+05:30 DEBUG 19548 --- [08_SB_Logging_Proj01] [http-nio-4041-Poller] org.apache.tomcat.util.net.NioEndpoint   : timeout completed: keys processed=0; now=1721668734893; nextExpiration=1721668734886; keyCount=0; hasEvents=false; eval=false
2024-07-22T22:48:55.895+05:30 DEBUG 19548 --- [08_SB_Logging_Proj01] [http-nio-4041-Poller] org.apache.tomcat.util.net.NioEndpoint   : timeout completed: keys processed=0; now=1721668735895; nextExpiration=1721668735893; keyCount=0; hasEvents=false; eval=false
2024-07-22T22:48:56.902+05:30 DEBUG 19548 --- [08_SB_Logging_Proj01] [http-nio-4041-Poller] org.apache.tomcat.util.net.NioEndpoint   : timeout completed: keys processed=0; now=1721668736902; nextExpiration=1721668736895; keyCount=0; hasEvents=false; eval=false
2024-07-22T22:48:57.905+05:30 DEBUG 19548 --- [08_SB_Logging_Proj01] [http-nio-4041-Poller] org.apache.tomcat.util.net.NioEndpoint   : timeout completed: keys processed=0; now=1721668737905; nextExpiration=1721668737902; keyCount=0; hasEvents=false; eval=false
2024-07-22T22:48:58.907+05:30 DEBUG 19548 --- [08_SB_Logging_Proj01] [http-nio-4041-Poller] org.apache.tomcat.util.net.NioEndpoint   : timeout completed: keys processed=0; now=1721668738907; nextExpiration=1721668738905; keyCount=0; hasEvents=false; eval=false
2024-07-22T22:48:59.909+05:30 DEBUG 19548 --- [08_SB_Logging_Proj01] [http-nio-4041-Poller] org.apache.tomcat.util.net.NioEndpoint   : timeout completed: keys processed=0; now=1721668739909; nextExpiration=1721668739907; keyCount=0; hasEvents=false; eval=false
2024-07-22T22:49:00.917+05:30 DEBUG 19548 --- [08_SB_Logging_Proj01] [http-nio-4041-Poller] org.apache.tomcat.util.net.NioEndpoint   : timeout completed: keys processed=0; now=1721668740917; nextExpiration=1721668740909; keyCount=0; hasEvents=false; eval=false
2024-07-22T22:49:01.919+05:30 DEBUG 19548 --- [08_SB_Logging_Proj01] [http-nio-4041-Poller] org.apache.tomcat.util.net.NioEndpoint   : timeout completed: keys processed=0; now=1721668741919; nextExpiration=1721668741917; keyCount=0; hasEvents=false; eval=false
2024-07-22T22:49:02.930+05:30 DEBUG 19548 --- [08_SB_Logging_Proj01] [http-nio-4041-Poller] org.apache.tomcat.util.net.NioEndpoint   : timeout completed: keys processed=0; now=1721668742930; nextExpiration=1721668742919; keyCount=0; hasEvents=false; eval=false
2024-07-22T22:49:03.933+05:30 DEBUG 19548 --- [08_SB_Logging_Proj01] [http-nio-4041-Poller] org.apache.tomcat.util.net.NioEndpoint   : timeout completed: keys processed=0; now=1721668743933; nextExpiration=1721668743930; keyCount=0; hasEvents=false; eval=false
2024-07-22T22:49:04.938+05:30 DEBUG 19548 --- [08_SB_Logging_Proj01] [http-nio-4041-Poller] org.apache.tomcat.util.net.NioEndpoint   : timeout completed: keys processed=0; now=1721668744938; nextExpiration=1721668744933; keyCount=0; hasEvents=false; eval=false
2024-07-22T22:49:05.940+05:30 DEBUG 19548 --- [08_SB_Logging_Proj01] [http-nio-4041-Poller] org.apache.tomcat.util.net.NioEndpoint   : timeout completed: keys processed=0; now=1721668745940; nextExpiration=1721668745938; keyCount=0; hasEvents=false; eval=false
2024-07-22T22:49:06.942+05:30 DEBUG 19548 --- [08_SB_Logging_Proj01] [http-nio-4041-Poller] org.apache.tomcat.util.net.NioEndpoint   : timeout completed: keys processed=0; now=1721668746942; nextExpiration=1721668746940; keyCount=0; hasEvents=false; eval=false
2024-07-22T22:49:07.945+05:30 DEBUG 19548 --- [08_SB_Logging_Proj01] [http-nio-4041-Poller] org.apache.tomcat.util.net.NioEndpoint   : timeout completed: keys processed=0; now=1721668747945; nextExpiration=1721668747942; keyCount=0; hasEvents=false; eval=false
2024-07-22T22:49:08.949+05:30 DEBUG 19548 --- [08_SB_Logging_Proj01] [http-nio-4041-Poller] org.apache.tomcat.util.net.NioEndpoint   : timeout completed: keys processed=0; now=1721668748949; nextExpiration=1721668748945; keyCount=0; hasEvents=false; eval=false
2024-07-22T22:49:09.953+05:30 DEBUG 19548 --- [08_SB_Logging_Proj01] [http-nio-4041-Poller] org.apache.tomcat.util.net.NioEndpoint   : timeout completed: keys processed=0; now=1721668749953; nextExpiration=1721668749949; keyCount=0; hasEvents=false; eval=false
2024-07-22T22:49:10.956+05:30 DEBUG 19548 --- [08_SB_Logging_Proj01] [http-nio-4041-Poller] org.apache.tomcat.util.net.NioEndpoint   : timeout completed: keys processed=0; now=1721668750956; nextExpiration=1721668750953; keyCount=0; hasEvents=false; eval=false
2024-07-22T22:49:11.960+05:30 DEBUG 19548 --- [08_SB_Logging_Proj01] [http-nio-4041-Poller] org.apache.tomcat.util.net.NioEndpoint   : timeout completed: keys processed=0; now=1721668751960; nextExpiration=1721668751956; keyCount=0; hasEvents=false; eval=false
2024-07-22T22:49:12.967+05:30 DEBUG 19548 --- [08_SB_Logging_Proj01] [http-nio-4041-Poller] org.apache.tomcat.util.net.NioEndpoint   : timeout completed: keys processed=0; now=1721668752967; nextExpiration=1721668752960; keyCount=0; hasEvents=false; eval=false
2024-07-22T22:49:13.973+05:30 DEBUG 19548 --- [08_SB_Logging_Proj01] [http-nio-4041-Poller] org.apache.tomcat.util.net.NioEndpoint   : timeout completed: keys processed=0; now=1721668753973; nextExpiration=1721668753967; keyCount=0; hasEvents=false; eval=false
2024-07-22T22:49:14.981+05:30 DEBUG 19548 --- [08_SB_Logging_Proj01] [http-nio-4041-Poller] org.apache.tomcat.util.net.NioEndpoint   : timeout completed: keys processed=0; now=1721668754981; nextExpiration=1721668754973; keyCount=0; hasEvents=false; eval=false
2024-07-22T22:49:15.987+05:30 DEBUG 19548 --- [08_SB_Logging_Proj01] [http-nio-4041-Poller] org.apache.tomcat.util.net.NioEndpoint   : timeout completed: keys processed=0; now=1721668755987; nextExpiration=1721668755981; keyCount=0; hasEvents=false; eval=false
2024-07-22T22:49:16.990+05:30 DEBUG 19548 --- [08_SB_Logging_Proj01] [http-nio-4041-Poller] org.apache.tomcat.util.net.NioEndpoint   : timeout completed: keys processed=0; now=1721668756990; nextExpiration=1721668756987; keyCount=0; hasEvents=false; eval=false
2024-07-22T22:49:17.995+05:30 DEBUG 19548 --- [08_SB_Logging_Proj01] [http-nio-4041-Poller] org.apache.tomcat.util.net.NioEndpoint   : timeout completed: keys processed=0; now=1721668757995; nextExpiration=1721668757990; keyCount=0; hasEvents=false; eval=false
2024-07-22T22:49:19.000+05:30 DEBUG 19548 --- [08_SB_Logging_Proj01] [http-nio-4041-Poller] org.apache.tomcat.util.net.NioEndpoint   : timeout completed: keys processed=0; now=1721668759000; nextExpiration=1721668758995; keyCount=0; hasEvents=false; eval=false
2024-07-22T22:49:20.001+05:30 DEBUG 19548 --- [08_SB_Logging_Proj01] [http-nio-4041-Poller] org.apache.tomcat.util.net.NioEndpoint   : timeout completed: keys processed=0; now=1721668760001; nextExpiration=1721668760000; keyCount=0; hasEvents=false; eval=false
2024-07-22T22:49:21.009+05:30 DEBUG 19548 --- [08_SB_Logging_Proj01] [http-nio-4041-Poller] org.apache.tomcat.util.net.NioEndpoint   : timeout completed: keys processed=0; now=1721668761009; nextExpiration=1721668761001; keyCount=0; hasEvents=false; eval=false
2024-07-22T22:49:22.012+05:30 DEBUG 19548 --- [08_SB_Logging_Proj01] [http-nio-4041-Poller] org.apache.tomcat.util.net.NioEndpoint   : timeout completed: keys processed=0; now=1721668762012; nextExpiration=1721668762009; keyCount=0; hasEvents=false; eval=false
2024-07-22T22:49:23.022+05:30 DEBUG 19548 --- [08_SB_Logging_Proj01] [http-nio-4041-Poller] org.apache.tomcat.util.net.NioEndpoint   : timeout completed: keys processed=0; now=1721668763022; nextExpiration=1721668763012; keyCount=0; hasEvents=false; eval=false
2024-07-22T22:49:24.023+05:30 DEBUG 19548 --- [08_SB_Logging_Proj01] [http-nio-4041-Poller] org.apache.tomcat.util.net.NioEndpoint   : timeout completed: keys processed=0; now=1721668764023; nextExpiration=1721668764022; keyCount=0; hasEvents=false; eval=false
2024-07-22T22:49:25.032+05:30 DEBUG 19548 --- [08_SB_Logging_Proj01] [http-nio-4041-Poller] org.apache.tomcat.util.net.NioEndpoint   : timeout completed: keys processed=0; now=1721668765032; nextExpiration=1721668765023; keyCount=0; hasEvents=false; eval=false
2024-07-22T22:49:26.035+05:30 DEBUG 19548 --- [08_SB_Logging_Proj01] [http-nio-4041-Poller] org.apache.tomcat.util.net.NioEndpoint   : timeout completed: keys processed=0; now=1721668766035; nextExpiration=1721668766032; keyCount=0; hasEvents=false; eval=false
2024-07-22T22:49:27.041+05:30 DEBUG 19548 --- [08_SB_Logging_Proj01] [http-nio-4041-Poller] org.apache.tomcat.util.net.NioEndpoint   : timeout completed: keys processed=0; now=1721668767041; nextExpiration=1721668767035; keyCount=0; hasEvents=false; eval=false
2024-07-22T22:49:28.044+05:30 DEBUG 19548 --- [08_SB_Logging_Proj01] [http-nio-4041-Poller] org.apache.tomcat.util.net.NioEndpoint   : timeout completed: keys processed=0; now=1721668768044; nextExpiration=1721668768041; keyCount=0; hasEvents=false; eval=false
2024-07-22T22:49:29.046+05:30 DEBUG 19548 --- [08_SB_Logging_Proj01] [http-nio-4041-Poller] org.apache.tomcat.util.net.NioEndpoint   : timeout completed: keys processed=0; now=1721668769046; nextExpiration=1721668769044; keyCount=0; hasEvents=false; eval=false
2024-07-22T22:49:30.056+05:30 DEBUG 19548 --- [08_SB_Logging_Proj01] [http-nio-4041-Poller] org.apache.tomcat.util.net.NioEndpoint   : timeout completed: keys processed=0; now=1721668770056; nextExpiration=1721668770046; keyCount=0; hasEvents=false; eval=false
2024-07-22T22:49:31.056+05:30 DEBUG 19548 --- [08_SB_Logging_Proj01] [http-nio-4041-Poller] org.apache.tomcat.util.net.NioEndpoint   : timeout completed: keys processed=0; now=1721668771056; nextExpiration=1721668771056; keyCount=0; hasEvents=false; eval=false
2024-07-22T22:49:32.058+05:30 DEBUG 19548 --- [08_SB_Logging_Proj01] [http-nio-4041-Poller] org.apache.tomcat.util.net.NioEndpoint   : timeout completed: keys processed=0; now=1721668772058; nextExpiration=1721668772056; keyCount=0; hasEvents=false; eval=false
2024-07-22T22:49:33.065+05:30 DEBUG 19548 --- [08_SB_Logging_Proj01] [http-nio-4041-Poller] org.apache.tomcat.util.net.NioEndpoint   : timeout completed: keys processed=0; now=1721668773065; nextExpiration=1721668773058; keyCount=0; hasEvents=false; eval=false
2024-07-22T22:49:34.068+05:30 DEBUG 19548 --- [08_SB_Logging_Proj01] [http-nio-4041-Poller] org.apache.tomcat.util.net.NioEndpoint   : timeout completed: keys processed=0; now=1721668774068; nextExpiration=1721668774065; keyCount=0; hasEvents=false; eval=false
2024-07-22T22:49:35.071+05:30 DEBUG 19548 --- [08_SB_Logging_Proj01] [http-nio-4041-Poller] org.apache.tomcat.util.net.NioEndpoint   : timeout completed: keys processed=0; now=1721668775071; nextExpiration=1721668775068; keyCount=0; hasEvents=false; eval=false
2024-07-22T22:49:36.075+05:30 DEBUG 19548 --- [08_SB_Logging_Proj01] [http-nio-4041-Poller] org.apache.tomcat.util.net.NioEndpoint   : timeout completed: keys processed=0; now=1721668776075; nextExpiration=1721668776071; keyCount=0; hasEvents=false; eval=false
2024-07-22T22:49:36.523+05:30 DEBUG 19548 --- [08_SB_Logging_Proj01] [Catalina-utility-2] o.apache.catalina.session.ManagerBase    : Start expire sessions StandardManager at 1721668776523 sessioncount 0
2024-07-22T22:49:36.523+05:30 DEBUG 19548 --- [08_SB_Logging_Proj01] [Catalina-utility-2] o.apache.catalina.session.ManagerBase    : End expire sessions StandardManager processingTime 0 expired sessions: 0
2024-07-22T22:49:37.080+05:30 DEBUG 19548 --- [08_SB_Logging_Proj01] [http-nio-4041-Poller] org.apache.tomcat.util.net.NioEndpoint   : timeout completed: keys processed=0; now=1721668777080; nextExpiration=1721668777075; keyCount=0; hasEvents=false; eval=false
2024-07-22T22:49:38.085+05:30 DEBUG 19548 --- [08_SB_Logging_Proj01] [http-nio-4041-Poller] org.apache.tomcat.util.net.NioEndpoint   : timeout completed: keys processed=0; now=1721668778085; nextExpiration=1721668778080; keyCount=0; hasEvents=false; eval=false
2024-07-22T22:49:39.090+05:30 DEBUG 19548 --- [08_SB_Logging_Proj01] [http-nio-4041-Poller] org.apache.tomcat.util.net.NioEndpoint   : timeout completed: keys processed=0; now=1721668779090; nextExpiration=1721668779085; keyCount=0; hasEvents=false; eval=false
2024-07-22T22:49:40.092+05:30 DEBUG 19548 --- [08_SB_Logging_Proj01] [http-nio-4041-Poller] org.apache.tomcat.util.net.NioEndpoint   : timeout completed: keys processed=0; now=1721668780092; nextExpiration=1721668780090; keyCount=0; hasEvents=false; eval=false
2024-07-22T22:49:41.099+05:30 DEBUG 19548 --- [08_SB_Logging_Proj01] [http-nio-4041-Poller] org.apache.tomcat.util.net.NioEndpoint   : timeout completed: keys processed=0; now=1721668781099; nextExpiration=1721668781092; keyCount=0; hasEvents=false; eval=false
2024-07-22T22:49:42.100+05:30 DEBUG 19548 --- [08_SB_Logging_Proj01] [http-nio-4041-Poller] org.apache.tomcat.util.net.NioEndpoint   : timeout completed: keys processed=0; now=1721668782100; nextExpiration=1721668782099; keyCount=0; hasEvents=false; eval=false
2024-07-22T22:49:43.106+05:30 DEBUG 19548 --- [08_SB_Logging_Proj01] [http-nio-4041-Poller] org.apache.tomcat.util.net.NioEndpoint   : timeout completed: keys processed=0; now=1721668783106; nextExpiration=1721668783100; keyCount=0; hasEvents=false; eval=false
2024-07-22T22:49:44.112+05:30 DEBUG 19548 --- [08_SB_Logging_Proj01] [http-nio-4041-Poller] org.apache.tomcat.util.net.NioEndpoint   : timeout completed: keys processed=0; now=1721668784112; nextExpiration=1721668784106; keyCount=0; hasEvents=false; eval=false
2024-07-22T22:49:45.114+05:30 DEBUG 19548 --- [08_SB_Logging_Proj01] [http-nio-4041-Poller] org.apache.tomcat.util.net.NioEndpoint   : timeout completed: keys processed=0; now=1721668785114; nextExpiration=1721668785112; keyCount=0; hasEvents=false; eval=false
2024-07-22T22:49:46.116+05:30 DEBUG 19548 --- [08_SB_Logging_Proj01] [http-nio-4041-Poller] org.apache.tomcat.util.net.NioEndpoint   : timeout completed: keys processed=0; now=1721668786116; nextExpiration=1721668786114; keyCount=0; hasEvents=false; eval=false
2024-07-22T22:49:47.118+05:30 DEBUG 19548 --- [08_SB_Logging_Proj01] [http-nio-4041-Poller] org.apache.tomcat.util.net.NioEndpoint   : timeout completed: keys processed=0; now=1721668787118; nextExpiration=1721668787116; keyCount=0; hasEvents=false; eval=false
2024-07-22T22:49:48.126+05:30 DEBUG 19548 --- [08_SB_Logging_Proj01] [http-nio-4041-Poller] org.apache.tomcat.util.net.NioEndpoint   : timeout completed: keys processed=0; now=1721668788126; nextExpiration=1721668788118; keyCount=0; hasEvents=false; eval=false
2024-07-22T22:49:49.128+05:30 DEBUG 19548 --- [08_SB_Logging_Proj01] [http-nio-4041-Poller] org.apache.tomcat.util.net.NioEndpoint   : timeout completed: keys processed=0; now=1721668789128; nextExpiration=1721668789126; keyCount=0; hasEvents=false; eval=false
2024-07-22T22:49:50.133+05:30 DEBUG 19548 --- [08_SB_Logging_Proj01] [http-nio-4041-Poller] org.apache.tomcat.util.net.NioEndpoint   : timeout completed: keys processed=0; now=1721668790133; nextExpiration=1721668790128; keyCount=0; hasEvents=false; eval=false
2024-07-22T22:49:51.138+05:30 DEBUG 19548 --- [08_SB_Logging_Proj01] [http-nio-4041-Poller] org.apache.tomcat.util.net.NioEndpoint   : timeout completed: keys processed=0; now=1721668791138; nextExpiration=1721668791133; keyCount=0; hasEvents=false; eval=false
2024-07-22T22:49:52.145+05:30 DEBUG 19548 --- [08_SB_Logging_Proj01] [http-nio-4041-Poller] org.apache.tomcat.util.net.NioEndpoint   : timeout completed: keys processed=0; now=1721668792145; nextExpiration=1721668792138; keyCount=0; hasEvents=false; eval=false
2024-07-22T22:49:53.146+05:30 DEBUG 19548 --- [08_SB_Logging_Proj01] [http-nio-4041-Poller] org.apache.tomcat.util.net.NioEndpoint   : timeout completed: keys processed=0; now=1721668793146; nextExpiration=1721668793145; keyCount=0; hasEvents=false; eval=false
2024-07-22T22:49:54.152+05:30 DEBUG 19548 --- [08_SB_Logging_Proj01] [http-nio-4041-Poller] org.apache.tomcat.util.net.NioEndpoint   : timeout completed: keys processed=0; now=1721668794152; nextExpiration=1721668794146; keyCount=0; hasEvents=false; eval=false
2024-07-22T22:49:55.166+05:30 DEBUG 19548 --- [08_SB_Logging_Proj01] [http-nio-4041-Poller] org.apache.tomcat.util.net.NioEndpoint   : timeout completed: keys processed=0; now=1721668795166; nextExpiration=1721668795152; keyCount=0; hasEvents=false; eval=false
2024-07-22T22:49:56.168+05:30 DEBUG 19548 --- [08_SB_Logging_Proj01] [http-nio-4041-Poller] org.apache.tomcat.util.net.NioEndpoint   : timeout completed: keys processed=0; now=1721668796168; nextExpiration=1721668796166; keyCount=0; hasEvents=false; eval=false
2024-07-22T22:49:57.182+05:30 DEBUG 19548 --- [08_SB_Logging_Proj01] [http-nio-4041-Poller] org.apache.tomcat.util.net.NioEndpoint   : timeout completed: keys processed=0; now=1721668797182; nextExpiration=1721668797168; keyCount=0; hasEvents=false; eval=false
2024-07-22T22:49:58.196+05:30 DEBUG 19548 --- [08_SB_Logging_Proj01] [http-nio-4041-Poller] org.apache.tomcat.util.net.NioEndpoint   : timeout completed: keys processed=0; now=1721668798196; nextExpiration=1721668798182; keyCount=0; hasEvents=false; eval=false
2024-07-22T22:49:59.200+05:30 DEBUG 19548 --- [08_SB_Logging_Proj01] [http-nio-4041-Poller] org.apache.tomcat.util.net.NioEndpoint   : timeout completed: keys processed=0; now=1721668799200; nextExpiration=1721668799196; keyCount=0; hasEvents=false; eval=false
2024-07-22T22:50:00.204+05:30 DEBUG 19548 --- [08_SB_Logging_Proj01] [http-nio-4041-Poller] org.apache.tomcat.util.net.NioEndpoint   : timeout completed: keys processed=0; now=1721668800204; nextExpiration=1721668800200; keyCount=0; hasEvents=false; eval=false
2024-07-22T22:50:01.214+05:30 DEBUG 19548 --- [08_SB_Logging_Proj01] [http-nio-4041-Poller] org.apache.tomcat.util.net.NioEndpoint   : timeout completed: keys processed=0; now=1721668801214; nextExpiration=1721668801204; keyCount=0; hasEvents=false; eval=false
2024-07-22T22:50:02.216+05:30 DEBUG 19548 --- [08_SB_Logging_Proj01] [http-nio-4041-Poller] org.apache.tomcat.util.net.NioEndpoint   : timeout completed: keys processed=0; now=1721668802216; nextExpiration=1721668802214; keyCount=0; hasEvents=false; eval=false
2024-07-22T22:50:03.223+05:30 DEBUG 19548 --- [08_SB_Logging_Proj01] [http-nio-4041-Poller] org.apache.tomcat.util.net.NioEndpoint   : timeout completed: keys processed=0; now=1721668803223; nextExpiration=1721668803216; keyCount=0; hasEvents=false; eval=false
2024-07-22T22:50:04.231+05:30 DEBUG 19548 --- [08_SB_Logging_Proj01] [http-nio-4041-Poller] org.apache.tomcat.util.net.NioEndpoint   : timeout completed: keys processed=0; now=1721668804231; nextExpiration=1721668804223; keyCount=0; hasEvents=false; eval=false
2024-07-22T22:50:05.238+05:30 DEBUG 19548 --- [08_SB_Logging_Proj01] [http-nio-4041-Poller] org.apache.tomcat.util.net.NioEndpoint   : timeout completed: keys processed=0; now=1721668805238; nextExpiration=1721668805231; keyCount=0; hasEvents=false; eval=false
2024-07-22T22:50:06.245+05:30 DEBUG 19548 --- [08_SB_Logging_Proj01] [http-nio-4041-Poller] org.apache.tomcat.util.net.NioEndpoint   : timeout completed: keys processed=0; now=1721668806245; nextExpiration=1721668806238; keyCount=0; hasEvents=false; eval=false
2024-07-22T22:50:07.251+05:30 DEBUG 19548 --- [08_SB_Logging_Proj01] [http-nio-4041-Poller] org.apache.tomcat.util.net.NioEndpoint   : timeout completed: keys processed=0; now=1721668807251; nextExpiration=1721668807245; keyCount=0; hasEvents=false; eval=false
2024-07-22T22:50:08.257+05:30 DEBUG 19548 --- [08_SB_Logging_Proj01] [http-nio-4041-Poller] org.apache.tomcat.util.net.NioEndpoint   : timeout completed: keys processed=0; now=1721668808257; nextExpiration=1721668808251; keyCount=0; hasEvents=false; eval=false
2024-07-22T22:50:09.262+05:30 DEBUG 19548 --- [08_SB_Logging_Proj01] [http-nio-4041-Poller] org.apache.tomcat.util.net.NioEndpoint   : timeout completed: keys processed=0; now=1721668809262; nextExpiration=1721668809257; keyCount=0; hasEvents=false; eval=false
2024-07-22T22:50:10.270+05:30 DEBUG 19548 --- [08_SB_Logging_Proj01] [http-nio-4041-Poller] org.apache.tomcat.util.net.NioEndpoint   : timeout completed: keys processed=0; now=1721668810270; nextExpiration=1721668810262; keyCount=0; hasEvents=false; eval=false
2024-07-22T22:50:11.273+05:30 DEBUG 19548 --- [08_SB_Logging_Proj01] [http-nio-4041-Poller] org.apache.tomcat.util.net.NioEndpoint   : timeout completed: keys processed=0; now=1721668811273; nextExpiration=1721668811270; keyCount=0; hasEvents=false; eval=false
2024-07-22T22:50:12.276+05:30 DEBUG 19548 --- [08_SB_Logging_Proj01] [http-nio-4041-Poller] org.apache.tomcat.util.net.NioEndpoint   : timeout completed: keys processed=0; now=1721668812276; nextExpiration=1721668812273; keyCount=0; hasEvents=false; eval=false
2024-07-22T22:50:13.278+05:30 DEBUG 19548 --- [08_SB_Logging_Proj01] [http-nio-4041-Poller] org.apache.tomcat.util.net.NioEndpoint   : timeout completed: keys processed=0; now=1721668813278; nextExpiration=1721668813276; keyCount=0; hasEvents=false; eval=false
2024-07-22T22:50:14.283+05:30 DEBUG 19548 --- [08_SB_Logging_Proj01] [http-nio-4041-Poller] org.apache.tomcat.util.net.NioEndpoint   : timeout completed: keys processed=0; now=1721668814283; nextExpiration=1721668814278; keyCount=0; hasEvents=false; eval=false
2024-07-22T22:50:15.290+05:30 DEBUG 19548 --- [08_SB_Logging_Proj01] [http-nio-4041-Poller] org.apache.tomcat.util.net.NioEndpoint   : timeout completed: keys processed=0; now=1721668815290; nextExpiration=1721668815283; keyCount=0; hasEvents=false; eval=false
2024-07-22T22:50:16.295+05:30 DEBUG 19548 --- [08_SB_Logging_Proj01] [http-nio-4041-Poller] org.apache.tomcat.util.net.NioEndpoint   : timeout completed: keys processed=0; now=1721668816295; nextExpiration=1721668816290; keyCount=0; hasEvents=false; eval=false
2024-07-22T22:50:17.295+05:30 DEBUG 19548 --- [08_SB_Logging_Proj01] [http-nio-4041-Poller] org.apache.tomcat.util.net.NioEndpoint   : timeout completed: keys processed=0; now=1721668817295; nextExpiration=1721668817295; keyCount=0; hasEvents=false; eval=false
2024-07-22T22:50:18.297+05:30 DEBUG 19548 --- [08_SB_Logging_Proj01] [http-nio-4041-Poller] org.apache.tomcat.util.net.NioEndpoint   : timeout completed: keys processed=0; now=1721668818297; nextExpiration=1721668818295; keyCount=0; hasEvents=false; eval=false
2024-07-22T22:50:19.302+05:30 DEBUG 19548 --- [08_SB_Logging_Proj01] [http-nio-4041-Poller] org.apache.tomcat.util.net.NioEndpoint   : timeout completed: keys processed=0; now=1721668819302; nextExpiration=1721668819297; keyCount=0; hasEvents=false; eval=false
2024-07-22T22:50:20.309+05:30 DEBUG 19548 --- [08_SB_Logging_Proj01] [http-nio-4041-Poller] org.apache.tomcat.util.net.NioEndpoint   : timeout completed: keys processed=0; now=1721668820309; nextExpiration=1721668820302; keyCount=0; hasEvents=false; eval=false
2024-07-22T22:50:21.311+05:30 DEBUG 19548 --- [08_SB_Logging_Proj01] [http-nio-4041-Poller] org.apache.tomcat.util.net.NioEndpoint   : timeout completed: keys processed=0; now=1721668821311; nextExpiration=1721668821309; keyCount=0; hasEvents=false; eval=false
2024-07-22T22:50:22.320+05:30 DEBUG 19548 --- [08_SB_Logging_Proj01] [http-nio-4041-Poller] org.apache.tomcat.util.net.NioEndpoint   : timeout completed: keys processed=0; now=1721668822320; nextExpiration=1721668822311; keyCount=0; hasEvents=false; eval=false
2024-07-22T22:50:23.328+05:30 DEBUG 19548 --- [08_SB_Logging_Proj01] [http-nio-4041-Poller] org.apache.tomcat.util.net.NioEndpoint   : timeout completed: keys processed=0; now=1721668823328; nextExpiration=1721668823320; keyCount=0; hasEvents=false; eval=false
2024-07-22T22:50:24.336+05:30 DEBUG 19548 --- [08_SB_Logging_Proj01] [http-nio-4041-Poller] org.apache.tomcat.util.net.NioEndpoint   : timeout completed: keys processed=0; now=1721668824336; nextExpiration=1721668824328; keyCount=0; hasEvents=false; eval=false
2024-07-22T22:50:25.341+05:30 DEBUG 19548 --- [08_SB_Logging_Proj01] [http-nio-4041-Poller] org.apache.tomcat.util.net.NioEndpoint   : timeout completed: keys processed=0; now=1721668825341; nextExpiration=1721668825336; keyCount=0; hasEvents=false; eval=false
2024-07-22T22:50:26.356+05:30 DEBUG 19548 --- [08_SB_Logging_Proj01] [http-nio-4041-Poller] org.apache.tomcat.util.net.NioEndpoint   : timeout completed: keys processed=0; now=1721668826356; nextExpiration=1721668826341; keyCount=0; hasEvents=false; eval=false
2024-07-22T22:50:27.359+05:30 DEBUG 19548 --- [08_SB_Logging_Proj01] [http-nio-4041-Poller] org.apache.tomcat.util.net.NioEndpoint   : timeout completed: keys processed=0; now=1721668827359; nextExpiration=1721668827356; keyCount=0; hasEvents=false; eval=false
2024-07-22T22:50:28.370+05:30 DEBUG 19548 --- [08_SB_Logging_Proj01] [http-nio-4041-Poller] org.apache.tomcat.util.net.NioEndpoint   : timeout completed: keys processed=0; now=1721668828370; nextExpiration=1721668828359; keyCount=0; hasEvents=false; eval=false
2024-07-22T22:50:29.377+05:30 DEBUG 19548 --- [08_SB_Logging_Proj01] [http-nio-4041-Poller] org.apache.tomcat.util.net.NioEndpoint   : timeout completed: keys processed=0; now=1721668829377; nextExpiration=1721668829370; keyCount=0; hasEvents=false; eval=false
2024-07-22T22:50:30.386+05:30 DEBUG 19548 --- [08_SB_Logging_Proj01] [http-nio-4041-Poller] org.apache.tomcat.util.net.NioEndpoint   : timeout completed: keys processed=0; now=1721668830386; nextExpiration=1721668830377; keyCount=0; hasEvents=false; eval=false
2024-07-22T22:50:31.389+05:30 DEBUG 19548 --- [08_SB_Logging_Proj01] [http-nio-4041-Poller] org.apache.tomcat.util.net.NioEndpoint   : timeout completed: keys processed=0; now=1721668831389; nextExpiration=1721668831386; keyCount=0; hasEvents=false; eval=false
2024-07-22T22:50:32.402+05:30 DEBUG 19548 --- [08_SB_Logging_Proj01] [http-nio-4041-Poller] org.apache.tomcat.util.net.NioEndpoint   : timeout completed: keys processed=0; now=1721668832402; nextExpiration=1721668832389; keyCount=0; hasEvents=false; eval=false
2024-07-22T22:50:33.417+05:30 DEBUG 19548 --- [08_SB_Logging_Proj01] [http-nio-4041-Poller] org.apache.tomcat.util.net.NioEndpoint   : timeout completed: keys processed=0; now=1721668833417; nextExpiration=1721668833402; keyCount=0; hasEvents=false; eval=false
2024-07-22T22:50:34.432+05:30 DEBUG 19548 --- [08_SB_Logging_Proj01] [http-nio-4041-Poller] org.apache.tomcat.util.net.NioEndpoint   : timeout completed: keys processed=0; now=1721668834432; nextExpiration=1721668834417; keyCount=0; hasEvents=false; eval=false
2024-07-22T22:50:35.434+05:30 DEBUG 19548 --- [08_SB_Logging_Proj01] [http-nio-4041-Poller] org.apache.tomcat.util.net.NioEndpoint   : timeout completed: keys processed=0; now=1721668835434; nextExpiration=1721668835432; keyCount=0; hasEvents=false; eval=false
2024-07-22T22:50:36.435+05:30 DEBUG 19548 --- [08_SB_Logging_Proj01] [http-nio-4041-Poller] org.apache.tomcat.util.net.NioEndpoint   : timeout completed: keys processed=0; now=1721668836435; nextExpiration=1721668836434; keyCount=0; hasEvents=false; eval=false
2024-07-22T22:50:36.575+05:30 DEBUG 19548 --- [08_SB_Logging_Proj01] [Catalina-utility-1] o.apache.catalina.session.ManagerBase    : Start expire sessions StandardManager at 1721668836575 sessioncount 0
2024-07-22T22:50:36.576+05:30 DEBUG 19548 --- [08_SB_Logging_Proj01] [Catalina-utility-1] o.apache.catalina.session.ManagerBase    : End expire sessions StandardManager processingTime 0 expired sessions: 0
2024-07-22T22:50:37.440+05:30 DEBUG 19548 --- [08_SB_Logging_Proj01] [http-nio-4041-Poller] org.apache.tomcat.util.net.NioEndpoint   : timeout completed: keys processed=0; now=1721668837440; nextExpiration=1721668837435; keyCount=0; hasEvents=false; eval=false
2024-07-22T22:50:38.445+05:30 DEBUG 19548 --- [08_SB_Logging_Proj01] [http-nio-4041-Poller] org.apache.tomcat.util.net.NioEndpoint   : timeout completed: keys processed=0; now=1721668838445; nextExpiration=1721668838440; keyCount=0; hasEvents=false; eval=false
2024-07-22T22:50:39.454+05:30 DEBUG 19548 --- [08_SB_Logging_Proj01] [http-nio-4041-Poller] org.apache.tomcat.util.net.NioEndpoint   : timeout completed: keys processed=0; now=1721668839454; nextExpiration=1721668839445; keyCount=0; hasEvents=false; eval=false
2024-07-22T22:50:40.459+05:30 DEBUG 19548 --- [08_SB_Logging_Proj01] [http-nio-4041-Poller] org.apache.tomcat.util.net.NioEndpoint   : timeout completed: keys processed=0; now=1721668840459; nextExpiration=1721668840454; keyCount=0; hasEvents=false; eval=false
2024-07-22T22:50:41.465+05:30 DEBUG 19548 --- [08_SB_Logging_Proj01] [http-nio-4041-Poller] org.apache.tomcat.util.net.NioEndpoint   : timeout completed: keys processed=0; now=1721668841465; nextExpiration=1721668841459; keyCount=0; hasEvents=false; eval=false
2024-07-22T22:50:42.469+05:30 DEBUG 19548 --- [08_SB_Logging_Proj01] [http-nio-4041-Poller] org.apache.tomcat.util.net.NioEndpoint   : timeout completed: keys processed=0; now=1721668842469; nextExpiration=1721668842465; keyCount=0; hasEvents=false; eval=false
2024-07-22T22:50:43.473+05:30 DEBUG 19548 --- [08_SB_Logging_Proj01] [http-nio-4041-Poller] org.apache.tomcat.util.net.NioEndpoint   : timeout completed: keys processed=0; now=1721668843473; nextExpiration=1721668843469; keyCount=0; hasEvents=false; eval=false
2024-07-22T22:50:44.478+05:30 DEBUG 19548 --- [08_SB_Logging_Proj01] [http-nio-4041-Poller] org.apache.tomcat.util.net.NioEndpoint   : timeout completed: keys processed=0; now=1721668844478; nextExpiration=1721668844473; keyCount=0; hasEvents=false; eval=false
2024-07-22T22:50:45.487+05:30 DEBUG 19548 --- [08_SB_Logging_Proj01] [http-nio-4041-Poller] org.apache.tomcat.util.net.NioEndpoint   : timeout completed: keys processed=0; now=1721668845487; nextExpiration=1721668845478; keyCount=0; hasEvents=false; eval=false
2024-07-22T22:50:46.487+05:30 DEBUG 19548 --- [08_SB_Logging_Proj01] [http-nio-4041-Poller] org.apache.tomcat.util.net.NioEndpoint   : timeout completed: keys processed=0; now=1721668846487; nextExpiration=1721668846487; keyCount=0; hasEvents=false; eval=false
2024-07-22T22:50:47.493+05:30 DEBUG 19548 --- [08_SB_Logging_Proj01] [http-nio-4041-Poller] org.apache.tomcat.util.net.NioEndpoint   : timeout completed: keys processed=0; now=1721668847493; nextExpiration=1721668847487; keyCount=0; hasEvents=false; eval=false
2024-07-22T22:50:48.498+05:30 DEBUG 19548 --- [08_SB_Logging_Proj01] [http-nio-4041-Poller] org.apache.tomcat.util.net.NioEndpoint   : timeout completed: keys processed=0; now=1721668848498; nextExpiration=1721668848493; keyCount=0; hasEvents=false; eval=false
2024-07-22T22:50:49.499+05:30 DEBUG 19548 --- [08_SB_Logging_Proj01] [http-nio-4041-Poller] org.apache.tomcat.util.net.NioEndpoint   : timeout completed: keys processed=0; now=1721668849499; nextExpiration=1721668849498; keyCount=0; hasEvents=false; eval=false
2024-07-22T22:50:50.514+05:30 DEBUG 19548 --- [08_SB_Logging_Proj01] [http-nio-4041-Poller] org.apache.tomcat.util.net.NioEndpoint   : timeout completed: keys processed=0; now=1721668850514; nextExpiration=1721668850499; keyCount=0; hasEvents=false; eval=false
2024-07-22T22:50:51.517+05:30 DEBUG 19548 --- [08_SB_Logging_Proj01] [http-nio-4041-Poller] org.apache.tomcat.util.net.NioEndpoint   : timeout completed: keys processed=0; now=1721668851517; nextExpiration=1721668851514; keyCount=0; hasEvents=false; eval=false
2024-07-22T22:50:52.520+05:30 DEBUG 19548 --- [08_SB_Logging_Proj01] [http-nio-4041-Poller] org.apache.tomcat.util.net.NioEndpoint   : timeout completed: keys processed=0; now=1721668852520; nextExpiration=1721668852517; keyCount=0; hasEvents=false; eval=false
2024-07-22T22:50:53.526+05:30 DEBUG 19548 --- [08_SB_Logging_Proj01] [http-nio-4041-Poller] org.apache.tomcat.util.net.NioEndpoint   : timeout completed: keys processed=0; now=1721668853526; nextExpiration=1721668853520; keyCount=0; hasEvents=false; eval=false
2024-07-22T22:50:54.530+05:30 DEBUG 19548 --- [08_SB_Logging_Proj01] [http-nio-4041-Poller] org.apache.tomcat.util.net.NioEndpoint   : timeout completed: keys processed=0; now=1721668854530; nextExpiration=1721668854526; keyCount=0; hasEvents=false; eval=false
2024-07-22T22:50:55.536+05:30 DEBUG 19548 --- [08_SB_Logging_Proj01] [http-nio-4041-Poller] org.apache.tomcat.util.net.NioEndpoint   : timeout completed: keys processed=0; now=1721668855536; nextExpiration=1721668855530; keyCount=0; hasEvents=false; eval=false
2024-07-22T22:50:56.539+05:30 DEBUG 19548 --- [08_SB_Logging_Proj01] [http-nio-4041-Poller] org.apache.tomcat.util.net.NioEndpoint   : timeout completed: keys processed=0; now=1721668856539; nextExpiration=1721668856536; keyCount=0; hasEvents=false; eval=false
2024-07-22T22:50:57.543+05:30 DEBUG 19548 --- [08_SB_Logging_Proj01] [http-nio-4041-Poller] org.apache.tomcat.util.net.NioEndpoint   : timeout completed: keys processed=0; now=1721668857543; nextExpiration=1721668857539; keyCount=0; hasEvents=false; eval=false
2024-07-22T22:50:58.549+05:30 DEBUG 19548 --- [08_SB_Logging_Proj01] [http-nio-4041-Poller] org.apache.tomcat.util.net.NioEndpoint   : timeout completed: keys processed=0; now=1721668858549; nextExpiration=1721668858543; keyCount=0; hasEvents=false; eval=false
2024-07-22T22:50:59.550+05:30 DEBUG 19548 --- [08_SB_Logging_Proj01] [http-nio-4041-Poller] org.apache.tomcat.util.net.NioEndpoint   : timeout completed: keys processed=0; now=1721668859550; nextExpiration=1721668859549; keyCount=0; hasEvents=false; eval=false
2024-07-22T22:51:00.554+05:30 DEBUG 19548 --- [08_SB_Logging_Proj01] [http-nio-4041-Poller] org.apache.tomcat.util.net.NioEndpoint   : timeout completed: keys processed=0; now=1721668860554; nextExpiration=1721668860550; keyCount=0; hasEvents=false; eval=false
2024-07-22T22:51:01.555+05:30 DEBUG 19548 --- [08_SB_Logging_Proj01] [http-nio-4041-Poller] org.apache.tomcat.util.net.NioEndpoint   : timeout completed: keys processed=0; now=1721668861555; nextExpiration=1721668861554; keyCount=0; hasEvents=false; eval=false
2024-07-22T22:51:02.557+05:30 DEBUG 19548 --- [08_SB_Logging_Proj01] [http-nio-4041-Poller] org.apache.tomcat.util.net.NioEndpoint   : timeout completed: keys processed=0; now=1721668862557; nextExpiration=1721668862555; keyCount=0; hasEvents=false; eval=false
2024-07-22T22:51:03.562+05:30 DEBUG 19548 --- [08_SB_Logging_Proj01] [http-nio-4041-Poller] org.apache.tomcat.util.net.NioEndpoint   : timeout completed: keys processed=0; now=1721668863562; nextExpiration=1721668863557; keyCount=0; hasEvents=false; eval=false
2024-07-22T22:51:04.564+05:30 DEBUG 19548 --- [08_SB_Logging_Proj01] [http-nio-4041-Poller] org.apache.tomcat.util.net.NioEndpoint   : timeout completed: keys processed=0; now=1721668864564; nextExpiration=1721668864562; keyCount=0; hasEvents=false; eval=false
2024-07-22T22:51:05.568+05:30 DEBUG 19548 --- [08_SB_Logging_Proj01] [http-nio-4041-Poller] org.apache.tomcat.util.net.NioEndpoint   : timeout completed: keys processed=0; now=1721668865568; nextExpiration=1721668865564; keyCount=0; hasEvents=false; eval=false
2024-07-22T22:51:06.572+05:30 DEBUG 19548 --- [08_SB_Logging_Proj01] [http-nio-4041-Poller] org.apache.tomcat.util.net.NioEndpoint   : timeout completed: keys processed=0; now=1721668866572; nextExpiration=1721668866568; keyCount=0; hasEvents=false; eval=false
2024-07-22T22:51:07.580+05:30 DEBUG 19548 --- [08_SB_Logging_Proj01] [http-nio-4041-Poller] org.apache.tomcat.util.net.NioEndpoint   : timeout completed: keys processed=0; now=1721668867580; nextExpiration=1721668867572; keyCount=0; hasEvents=false; eval=false
2024-07-22T22:51:08.584+05:30 DEBUG 19548 --- [08_SB_Logging_Proj01] [http-nio-4041-Poller] org.apache.tomcat.util.net.NioEndpoint   : timeout completed: keys processed=0; now=1721668868584; nextExpiration=1721668868580; keyCount=0; hasEvents=false; eval=false
2024-07-22T22:51:09.589+05:30 DEBUG 19548 --- [08_SB_Logging_Proj01] [http-nio-4041-Poller] org.apache.tomcat.util.net.NioEndpoint   : timeout completed: keys processed=0; now=1721668869589; nextExpiration=1721668869584; keyCount=0; hasEvents=false; eval=false
2024-07-22T22:51:10.593+05:30 DEBUG 19548 --- [08_SB_Logging_Proj01] [http-nio-4041-Poller] org.apache.tomcat.util.net.NioEndpoint   : timeout completed: keys processed=0; now=1721668870593; nextExpiration=1721668870589; keyCount=0; hasEvents=false; eval=false
2024-07-22T22:51:11.594+05:30 DEBUG 19548 --- [08_SB_Logging_Proj01] [http-nio-4041-Poller] org.apache.tomcat.util.net.NioEndpoint   : timeout completed: keys processed=0; now=1721668871594; nextExpiration=1721668871593; keyCount=0; hasEvents=false; eval=false
2024-07-22T22:51:12.596+05:30 DEBUG 19548 --- [08_SB_Logging_Proj01] [http-nio-4041-Poller] org.apache.tomcat.util.net.NioEndpoint   : timeout completed: keys processed=0; now=1721668872596; nextExpiration=1721668872594; keyCount=0; hasEvents=false; eval=false
2024-07-22T22:51:13.611+05:30 DEBUG 19548 --- [08_SB_Logging_Proj01] [http-nio-4041-Poller] org.apache.tomcat.util.net.NioEndpoint   : timeout completed: keys processed=0; now=1721668873611; nextExpiration=1721668873596; keyCount=0; hasEvents=false; eval=false
2024-07-22T22:51:14.613+05:30 DEBUG 19548 --- [08_SB_Logging_Proj01] [http-nio-4041-Poller] org.apache.tomcat.util.net.NioEndpoint   : timeout completed: keys processed=0; now=1721668874613; nextExpiration=1721668874611; keyCount=0; hasEvents=false; eval=false
2024-07-22T22:51:15.617+05:30 DEBUG 19548 --- [08_SB_Logging_Proj01] [http-nio-4041-Poller] org.apache.tomcat.util.net.NioEndpoint   : timeout completed: keys processed=0; now=1721668875617; nextExpiration=1721668875613; keyCount=0; hasEvents=false; eval=false
2024-07-22T22:51:16.617+05:30 DEBUG 19548 --- [08_SB_Logging_Proj01] [http-nio-4041-Poller] org.apache.tomcat.util.net.NioEndpoint   : timeout completed: keys processed=0; now=1721668876617; nextExpiration=1721668876617; keyCount=0; hasEvents=false; eval=false
2024-07-22T22:51:17.618+05:30 DEBUG 19548 --- [08_SB_Logging_Proj01] [http-nio-4041-Poller] org.apache.tomcat.util.net.NioEndpoint   : timeout completed: keys processed=0; now=1721668877618; nextExpiration=1721668877617; keyCount=0; hasEvents=false; eval=false
2024-07-22T22:51:18.631+05:30 DEBUG 19548 --- [08_SB_Logging_Proj01] [http-nio-4041-Poller] org.apache.tomcat.util.net.NioEndpoint   : timeout completed: keys processed=0; now=1721668878631; nextExpiration=1721668878618; keyCount=0; hasEvents=false; eval=false
2024-07-22T22:51:19.634+05:30 DEBUG 19548 --- [08_SB_Logging_Proj01] [http-nio-4041-Poller] org.apache.tomcat.util.net.NioEndpoint   : timeout completed: keys processed=0; now=1721668879634; nextExpiration=1721668879631; keyCount=0; hasEvents=false; eval=false
2024-07-22T22:51:20.638+05:30 DEBUG 19548 --- [08_SB_Logging_Proj01] [http-nio-4041-Poller] org.apache.tomcat.util.net.NioEndpoint   : timeout completed: keys processed=0; now=1721668880638; nextExpiration=1721668880634; keyCount=0; hasEvents=false; eval=false
2024-07-22T22:51:21.642+05:30 DEBUG 19548 --- [08_SB_Logging_Proj01] [http-nio-4041-Poller] org.apache.tomcat.util.net.NioEndpoint   : timeout completed: keys processed=0; now=1721668881642; nextExpiration=1721668881638; keyCount=0; hasEvents=false; eval=false
2024-07-22T22:51:22.645+05:30 DEBUG 19548 --- [08_SB_Logging_Proj01] [http-nio-4041-Poller] org.apache.tomcat.util.net.NioEndpoint   : timeout completed: keys processed=0; now=1721668882645; nextExpiration=1721668882642; keyCount=0; hasEvents=false; eval=false
2024-07-22T22:51:23.646+05:30 DEBUG 19548 --- [08_SB_Logging_Proj01] [http-nio-4041-Poller] org.apache.tomcat.util.net.NioEndpoint   : timeout completed: keys processed=0; now=1721668883646; nextExpiration=1721668883645; keyCount=0; hasEvents=false; eval=false
2024-07-22T22:51:24.661+05:30 DEBUG 19548 --- [08_SB_Logging_Proj01] [http-nio-4041-Poller] org.apache.tomcat.util.net.NioEndpoint   : timeout completed: keys processed=0; now=1721668884661; nextExpiration=1721668884646; keyCount=0; hasEvents=false; eval=false
2024-07-22T22:51:25.668+05:30 DEBUG 19548 --- [08_SB_Logging_Proj01] [http-nio-4041-Poller] org.apache.tomcat.util.net.NioEndpoint   : timeout completed: keys processed=0; now=1721668885668; nextExpiration=1721668885661; keyCount=0; hasEvents=false; eval=false
2024-07-22T22:51:26.672+05:30 DEBUG 19548 --- [08_SB_Logging_Proj01] [http-nio-4041-Poller] org.apache.tomcat.util.net.NioEndpoint   : timeout completed: keys processed=0; now=1721668886672; nextExpiration=1721668886668; keyCount=0; hasEvents=false; eval=false
2024-07-22T22:51:27.678+05:30 DEBUG 19548 --- [08_SB_Logging_Proj01] [http-nio-4041-Poller] org.apache.tomcat.util.net.NioEndpoint   : timeout completed: keys processed=0; now=1721668887678; nextExpiration=1721668887672; keyCount=0; hasEvents=false; eval=false
2024-07-22T22:51:28.680+05:30 DEBUG 19548 --- [08_SB_Logging_Proj01] [http-nio-4041-Poller] org.apache.tomcat.util.net.NioEndpoint   : timeout completed: keys processed=0; now=1721668888680; nextExpiration=1721668888678; keyCount=0; hasEvents=false; eval=false
2024-07-22T22:51:29.684+05:30 DEBUG 19548 --- [08_SB_Logging_Proj01] [http-nio-4041-Poller] org.apache.tomcat.util.net.NioEndpoint   : timeout completed: keys processed=0; now=1721668889684; nextExpiration=1721668889680; keyCount=0; hasEvents=false; eval=false
2024-07-22T22:51:30.688+05:30 DEBUG 19548 --- [08_SB_Logging_Proj01] [http-nio-4041-Poller] org.apache.tomcat.util.net.NioEndpoint   : timeout completed: keys processed=0; now=1721668890688; nextExpiration=1721668890684; keyCount=0; hasEvents=false; eval=false
2024-07-22T22:51:31.690+05:30 DEBUG 19548 --- [08_SB_Logging_Proj01] [http-nio-4041-Poller] org.apache.tomcat.util.net.NioEndpoint   : timeout completed: keys processed=0; now=1721668891690; nextExpiration=1721668891688; keyCount=0; hasEvents=false; eval=false
2024-07-22T22:51:32.705+05:30 DEBUG 19548 --- [08_SB_Logging_Proj01] [http-nio-4041-Poller] org.apache.tomcat.util.net.NioEndpoint   : timeout completed: keys processed=0; now=1721668892705; nextExpiration=1721668892690; keyCount=0; hasEvents=false; eval=false
2024-07-22T22:51:33.709+05:30 DEBUG 19548 --- [08_SB_Logging_Proj01] [http-nio-4041-Poller] org.apache.tomcat.util.net.NioEndpoint   : timeout completed: keys processed=0; now=1721668893709; nextExpiration=1721668893705; keyCount=0; hasEvents=false; eval=false
2024-07-22T22:51:34.732+05:30 DEBUG 19548 --- [08_SB_Logging_Proj01] [http-nio-4041-Poller] org.apache.tomcat.util.net.NioEndpoint   : timeout completed: keys processed=0; now=1721668894732; nextExpiration=1721668894709; keyCount=0; hasEvents=false; eval=false
2024-07-22T22:51:35.740+05:30 DEBUG 19548 --- [08_SB_Logging_Proj01] [http-nio-4041-Poller] org.apache.tomcat.util.net.NioEndpoint   : timeout completed: keys processed=0; now=1721668895740; nextExpiration=1721668895732; keyCount=0; hasEvents=false; eval=false
2024-07-22T22:51:36.622+05:30 DEBUG 19548 --- [08_SB_Logging_Proj01] [Catalina-utility-1] o.apache.catalina.session.ManagerBase    : Start expire sessions StandardManager at 1721668896622 sessioncount 0
2024-07-22T22:51:36.622+05:30 DEBUG 19548 --- [08_SB_Logging_Proj01] [Catalina-utility-1] o.apache.catalina.session.ManagerBase    : End expire sessions StandardManager processingTime 0 expired sessions: 0
2024-07-22T22:51:36.747+05:30 DEBUG 19548 --- [08_SB_Logging_Proj01] [http-nio-4041-Poller] org.apache.tomcat.util.net.NioEndpoint   : timeout completed: keys processed=0; now=1721668896747; nextExpiration=1721668896740; keyCount=0; hasEvents=false; eval=false
2024-07-22T22:51:37.753+05:30 DEBUG 19548 --- [08_SB_Logging_Proj01] [http-nio-4041-Poller] org.apache.tomcat.util.net.NioEndpoint   : timeout completed: keys processed=0; now=1721668897753; nextExpiration=1721668897747; keyCount=0; hasEvents=false; eval=false
2024-07-22T22:51:38.769+05:30 DEBUG 19548 --- [08_SB_Logging_Proj01] [http-nio-4041-Poller] org.apache.tomcat.util.net.NioEndpoint   : timeout completed: keys processed=0; now=1721668898769; nextExpiration=1721668898753; keyCount=0; hasEvents=false; eval=false
2024-07-22T22:51:39.772+05:30 DEBUG 19548 --- [08_SB_Logging_Proj01] [http-nio-4041-Poller] org.apache.tomcat.util.net.NioEndpoint   : timeout completed: keys processed=0; now=1721668899772; nextExpiration=1721668899769; keyCount=0; hasEvents=false; eval=false
2024-07-22T22:51:40.779+05:30 DEBUG 19548 --- [08_SB_Logging_Proj01] [http-nio-4041-Poller] org.apache.tomcat.util.net.NioEndpoint   : timeout completed: keys processed=0; now=1721668900779; nextExpiration=1721668900772; keyCount=0; hasEvents=false; eval=false
2024-07-22T22:51:41.782+05:30 DEBUG 19548 --- [08_SB_Logging_Proj01] [http-nio-4041-Poller] org.apache.tomcat.util.net.NioEndpoint   : timeout completed: keys processed=0; now=1721668901782; nextExpiration=1721668901779; keyCount=0; hasEvents=false; eval=false
2024-07-22T22:51:42.797+05:30 DEBUG 19548 --- [08_SB_Logging_Proj01] [http-nio-4041-Poller] org.apache.tomcat.util.net.NioEndpoint   : timeout completed: keys processed=0; now=1721668902797; nextExpiration=1721668902782; keyCount=0; hasEvents=false; eval=false
2024-07-22T22:51:43.798+05:30 DEBUG 19548 --- [08_SB_Logging_Proj01] [http-nio-4041-Poller] org.apache.tomcat.util.net.NioEndpoint   : timeout completed: keys processed=0; now=1721668903798; nextExpiration=1721668903797; keyCount=0; hasEvents=false; eval=false
2024-07-22T22:51:44.803+05:30 DEBUG 19548 --- [08_SB_Logging_Proj01] [http-nio-4041-Poller] org.apache.tomcat.util.net.NioEndpoint   : timeout completed: keys processed=0; now=1721668904803; nextExpiration=1721668904798; keyCount=0; hasEvents=false; eval=false
2024-07-22T22:51:45.805+05:30 DEBUG 19548 --- [08_SB_Logging_Proj01] [http-nio-4041-Poller] org.apache.tomcat.util.net.NioEndpoint   : timeout completed: keys processed=0; now=1721668905805; nextExpiration=1721668905803; keyCount=0; hasEvents=false; eval=false
2024-07-22T22:51:46.811+05:30 DEBUG 19548 --- [08_SB_Logging_Proj01] [http-nio-4041-Poller] org.apache.tomcat.util.net.NioEndpoint   : timeout completed: keys processed=0; now=1721668906811; nextExpiration=1721668906805; keyCount=0; hasEvents=false; eval=false
