2024-07-24 22:09:20,212[http-nio-4041-exec-10] DEBUG o.s.web.servlet.DispatcherServlet - GET "/div", parameters={}
2024-07-24 22:09:20,215[http-nio-4041-exec-10] DEBUG o.s.w.s.m.m.a.RequestMappingHandlerMapping - Mapped to com.mea.rest.ArithmeticOperationsController#division()
2024-07-24 22:09:20,220[http-nio-4041-exec-10] ERROR c.m.rest.ArithmeticOperationsController - Problem in Arithmetic Operation : / by zero
2024-07-24 22:09:20,220[http-nio-4041-exec-10] ERROR c.m.rest.ArithmeticOperationsController - Problem in Arithmetic Operation : / by zero
2024-07-24 22:09:20,224[http-nio-4041-exec-10] DEBUG o.s.w.s.m.m.a.HttpEntityMethodProcessor - Using 'text/html', given [text/html, application/xhtml+xml, image/avif, image/webp, image/apng, application/xml;q=0.9, */*;q=0.8, application/signed-exchange;v=b3;q=0.7] and supported [text/plain, */*, application/json, application/*+json]
2024-07-24 22:09:20,227[http-nio-4041-exec-10] DEBUG o.s.w.s.m.m.a.HttpEntityMethodProcessor - Writing ["Problem in Arithmetic Operation : / by zero"]
2024-07-24 22:09:20,231[http-nio-4041-exec-10] DEBUG o.s.web.servlet.DispatcherServlet - Completed 200 OK
2024-07-24 22:09:22,538[http-nio-4041-exec-1] DEBUG o.s.web.servlet.DispatcherServlet - GET "/div", parameters={}
2024-07-24 22:09:22,540[http-nio-4041-exec-1] DEBUG o.s.w.s.m.m.a.RequestMappingHandlerMapping - Mapped to com.mea.rest.ArithmeticOperationsController#division()
2024-07-24 22:09:22,545[http-nio-4041-exec-1] ERROR c.m.rest.ArithmeticOperationsController - Problem in Arithmetic Operation : / by zero
2024-07-24 22:09:22,545[http-nio-4041-exec-1] ERROR c.m.rest.ArithmeticOperationsController - Problem in Arithmetic Operation : / by zero
2024-07-24 22:09:22,548[http-nio-4041-exec-1] DEBUG o.s.w.s.m.m.a.HttpEntityMethodProcessor - Using 'text/html', given [text/html, application/xhtml+xml, image/avif, image/webp, image/apng, application/xml;q=0.9, */*;q=0.8, application/signed-exchange;v=b3;q=0.7] and supported [text/plain, */*, application/json, application/*+json]
2024-07-24 22:09:22,548[http-nio-4041-exec-1] DEBUG o.s.w.s.m.m.a.HttpEntityMethodProcessor - Writing ["Problem in Arithmetic Operation : / by zero"]
2024-07-24 22:09:22,550[http-nio-4041-exec-1] DEBUG o.s.web.servlet.DispatcherServlet - Completed 200 OK
2024-07-24 22:09:22,635[http-nio-4041-exec-2] DEBUG o.s.web.servlet.DispatcherServlet - GET "/div", parameters={}
2024-07-24 22:09:22,636[http-nio-4041-exec-2] DEBUG o.s.w.s.m.m.a.RequestMappingHandlerMapping - Mapped to com.mea.rest.ArithmeticOperationsController#division()
2024-07-24 22:09:22,643[http-nio-4041-exec-2] ERROR c.m.rest.ArithmeticOperationsController - Problem in Arithmetic Operation : / by zero
2024-07-24 22:09:22,643[http-nio-4041-exec-2] ERROR c.m.rest.ArithmeticOperationsController - Problem in Arithmetic Operation : / by zero
2024-07-24 22:09:22,645[http-nio-4041-exec-2] DEBUG o.s.w.s.m.m.a.HttpEntityMethodProcessor - Using 'text/html', given [text/html, application/xhtml+xml, image/avif, image/webp, image/apng, application/xml;q=0.9, */*;q=0.8, application/signed-exchange;v=b3;q=0.7] and supported [text/plain, */*, application/json, application/*+json]
2024-07-24 22:09:22,646[http-nio-4041-exec-2] DEBUG o.s.w.s.m.m.a.HttpEntityMethodProcessor - Writing ["Problem in Arithmetic Operation : / by zero"]
2024-07-24 22:09:22,648[http-nio-4041-exec-2] DEBUG o.s.web.servlet.DispatcherServlet - Completed 200 OK
2024-07-24 22:09:22,831[http-nio-4041-exec-3] DEBUG o.s.web.servlet.DispatcherServlet - GET "/div", parameters={}
2024-07-24 22:09:22,832[http-nio-4041-exec-3] DEBUG o.s.w.s.m.m.a.RequestMappingHandlerMapping - Mapped to com.mea.rest.ArithmeticOperationsController#division()
2024-07-24 22:09:22,835[http-nio-4041-exec-3] ERROR c.m.rest.ArithmeticOperationsController - Problem in Arithmetic Operation : / by zero
2024-07-24 22:09:22,835[http-nio-4041-exec-3] ERROR c.m.rest.ArithmeticOperationsController - Problem in Arithmetic Operation : / by zero
2024-07-24 22:09:22,836[http-nio-4041-exec-3] DEBUG o.s.w.s.m.m.a.HttpEntityMethodProcessor - Using 'text/html', given [text/html, application/xhtml+xml, image/avif, image/webp, image/apng, application/xml;q=0.9, */*;q=0.8, application/signed-exchange;v=b3;q=0.7] and supported [text/plain, */*, application/json, application/*+json]
2024-07-24 22:09:22,840[http-nio-4041-exec-3] DEBUG o.s.w.s.m.m.a.HttpEntityMethodProcessor - Writing ["Problem in Arithmetic Operation : / by zero"]
2024-07-24 22:09:22,843[http-nio-4041-exec-3] DEBUG o.s.web.servlet.DispatcherServlet - Completed 200 OK
2024-07-24 22:09:22,919[http-nio-4041-exec-4] DEBUG o.s.web.servlet.DispatcherServlet - GET "/div", parameters={}
2024-07-24 22:09:22,923[http-nio-4041-exec-4] DEBUG o.s.w.s.m.m.a.RequestMappingHandlerMapping - Mapped to com.mea.rest.ArithmeticOperationsController#division()
2024-07-24 22:09:22,926[http-nio-4041-exec-4] ERROR c.m.rest.ArithmeticOperationsController - Problem in Arithmetic Operation : / by zero
2024-07-24 22:09:22,926[http-nio-4041-exec-4] ERROR c.m.rest.ArithmeticOperationsController - Problem in Arithmetic Operation : / by zero
2024-07-24 22:09:22,927[http-nio-4041-exec-4] DEBUG o.s.w.s.m.m.a.HttpEntityMethodProcessor - Using 'text/html', given [text/html, application/xhtml+xml, image/avif, image/webp, image/apng, application/xml;q=0.9, */*;q=0.8, application/signed-exchange;v=b3;q=0.7] and supported [text/plain, */*, application/json, application/*+json]
2024-07-24 22:09:22,927[http-nio-4041-exec-4] DEBUG o.s.w.s.m.m.a.HttpEntityMethodProcessor - Writing ["Problem in Arithmetic Operation : / by zero"]
2024-07-24 22:09:22,929[http-nio-4041-exec-4] DEBUG o.s.web.servlet.DispatcherServlet - Completed 200 OK
2024-07-24 22:09:23,157[http-nio-4041-exec-5] DEBUG o.s.web.servlet.DispatcherServlet - GET "/div", parameters={}
2024-07-24 22:09:23,158[http-nio-4041-exec-5] DEBUG o.s.w.s.m.m.a.RequestMappingHandlerMapping - Mapped to com.mea.rest.ArithmeticOperationsController#division()
2024-07-24 22:09:23,161[http-nio-4041-exec-5] ERROR c.m.rest.ArithmeticOperationsController - Problem in Arithmetic Operation : / by zero
2024-07-24 22:09:23,161[http-nio-4041-exec-5] ERROR c.m.rest.ArithmeticOperationsController - Problem in Arithmetic Operation : / by zero
2024-07-24 22:09:23,163[http-nio-4041-exec-5] DEBUG o.s.w.s.m.m.a.HttpEntityMethodProcessor - Using 'text/html', given [text/html, application/xhtml+xml, image/avif, image/webp, image/apng, application/xml;q=0.9, */*;q=0.8, application/signed-exchange;v=b3;q=0.7] and supported [text/plain, */*, application/json, application/*+json]
2024-07-24 22:09:23,163[http-nio-4041-exec-5] DEBUG o.s.w.s.m.m.a.HttpEntityMethodProcessor - Writing ["Problem in Arithmetic Operation : / by zero"]
2024-07-24 22:09:23,164[http-nio-4041-exec-5] DEBUG o.s.web.servlet.DispatcherServlet - Completed 200 OK
