2024-07-23 21:07:25,940[http-nio-4041-exec-1] DEBUG o.s.web.servlet.DispatcherServlet - GET "/div", parameters={}
2024-07-23 21:07:25,942[http-nio-4041-exec-1] DEBUG o.s.w.s.m.m.a.RequestMappingHandlerMapping - Mapped to com.mea.rest.ArithmeticOperationsController#division()
2024-07-23 21:07:25,944[http-nio-4041-exec-1] DEBUG c.m.rest.ArithmeticOperationsController - At the begining of division() method.
2024-07-23 21:07:25,945[http-nio-4041-exec-1] DEBUG c.m.rest.ArithmeticOperationsController - Performing Arithmetic Operation
2024-07-23 21:07:25,954[http-nio-4041-exec-1] ERROR c.m.rest.ArithmeticOperationsController - Problem in Arithmetic Operation : / by zero
2024-07-23 21:07:25,955[http-nio-4041-exec-1] DEBUG o.s.w.s.m.m.a.HttpEntityMethodProcessor - Using 'text/html', given [text/html, application/xhtml+xml, image/avif, image/webp, image/apng, application/xml;q=0.9, */*;q=0.8, application/signed-exchange;v=b3;q=0.7] and supported [text/plain, */*, application/json, application/*+json]
2024-07-23 21:07:25,957[http-nio-4041-exec-1] DEBUG o.s.w.s.m.m.a.HttpEntityMethodProcessor - Writing ["Problem in Arithmetic Operation : / by zero"]
2024-07-23 21:07:25,958[http-nio-4041-exec-1] DEBUG o.s.web.servlet.DispatcherServlet - Completed 200 OK
2024-07-23 21:07:28,194[http-nio-4041-exec-2] DEBUG o.s.web.servlet.DispatcherServlet - GET "/div", parameters={}
2024-07-23 21:07:28,195[http-nio-4041-exec-2] DEBUG o.s.w.s.m.m.a.RequestMappingHandlerMapping - Mapped to com.mea.rest.ArithmeticOperationsController#division()
2024-07-23 21:07:28,195[http-nio-4041-exec-2] DEBUG c.m.rest.ArithmeticOperationsController - At the begining of division() method.
2024-07-23 21:07:28,196[http-nio-4041-exec-2] DEBUG c.m.rest.ArithmeticOperationsController - Performing Arithmetic Operation
2024-07-23 21:07:28,200[http-nio-4041-exec-2] ERROR c.m.rest.ArithmeticOperationsController - Problem in Arithmetic Operation : / by zero
2024-07-23 21:07:28,201[http-nio-4041-exec-2] DEBUG o.s.w.s.m.m.a.HttpEntityMethodProcessor - Using 'text/html', given [text/html, application/xhtml+xml, image/avif, image/webp, image/apng, application/xml;q=0.9, */*;q=0.8, application/signed-exchange;v=b3;q=0.7] and supported [text/plain, */*, application/json, application/*+json]
2024-07-23 21:07:28,201[http-nio-4041-exec-2] DEBUG o.s.w.s.m.m.a.HttpEntityMethodProcessor - Writing ["Problem in Arithmetic Operation : / by zero"]
2024-07-23 21:07:28,214[http-nio-4041-exec-2] DEBUG o.s.web.servlet.DispatcherServlet - Completed 200 OK
2024-07-23 21:07:28,291[http-nio-4041-exec-3] DEBUG o.s.web.servlet.DispatcherServlet - GET "/div", parameters={}
2024-07-23 21:07:28,292[http-nio-4041-exec-3] DEBUG o.s.w.s.m.m.a.RequestMappingHandlerMapping - Mapped to com.mea.rest.ArithmeticOperationsController#division()
2024-07-23 21:07:28,292[http-nio-4041-exec-3] DEBUG c.m.rest.ArithmeticOperationsController - At the begining of division() method.
2024-07-23 21:07:28,292[http-nio-4041-exec-3] DEBUG c.m.rest.ArithmeticOperationsController - Performing Arithmetic Operation
2024-07-23 21:07:28,299[http-nio-4041-exec-3] ERROR c.m.rest.ArithmeticOperationsController - Problem in Arithmetic Operation : / by zero
2024-07-23 21:07:28,302[http-nio-4041-exec-3] DEBUG o.s.w.s.m.m.a.HttpEntityMethodProcessor - Using 'text/html', given [text/html, application/xhtml+xml, image/avif, image/webp, image/apng, application/xml;q=0.9, */*;q=0.8, application/signed-exchange;v=b3;q=0.7] and supported [text/plain, */*, application/json, application/*+json]
2024-07-23 21:07:28,303[http-nio-4041-exec-3] DEBUG o.s.w.s.m.m.a.HttpEntityMethodProcessor - Writing ["Problem in Arithmetic Operation : / by zero"]
2024-07-23 21:07:28,305[http-nio-4041-exec-3] DEBUG o.s.web.servlet.DispatcherServlet - Completed 200 OK
2024-07-23 21:07:28,499[http-nio-4041-exec-4] DEBUG o.s.web.servlet.DispatcherServlet - GET "/div", parameters={}
2024-07-23 21:07:28,499[http-nio-4041-exec-4] DEBUG o.s.w.s.m.m.a.RequestMappingHandlerMapping - Mapped to com.mea.rest.ArithmeticOperationsController#division()
2024-07-23 21:07:28,500[http-nio-4041-exec-4] DEBUG c.m.rest.ArithmeticOperationsController - At the begining of division() method.
2024-07-23 21:07:28,500[http-nio-4041-exec-4] DEBUG c.m.rest.ArithmeticOperationsController - Performing Arithmetic Operation
2024-07-23 21:07:28,504[http-nio-4041-exec-4] ERROR c.m.rest.ArithmeticOperationsController - Problem in Arithmetic Operation : / by zero
2024-07-23 21:07:28,506[http-nio-4041-exec-4] DEBUG o.s.w.s.m.m.a.HttpEntityMethodProcessor - Using 'text/html', given [text/html, application/xhtml+xml, image/avif, image/webp, image/apng, application/xml;q=0.9, */*;q=0.8, application/signed-exchange;v=b3;q=0.7] and supported [text/plain, */*, application/json, application/*+json]
2024-07-23 21:07:28,506[http-nio-4041-exec-4] DEBUG o.s.w.s.m.m.a.HttpEntityMethodProcessor - Writing ["Problem in Arithmetic Operation : / by zero"]
2024-07-23 21:07:28,508[http-nio-4041-exec-4] DEBUG o.s.web.servlet.DispatcherServlet - Completed 200 OK
2024-07-23 21:07:28,586[http-nio-4041-exec-5] DEBUG o.s.web.servlet.DispatcherServlet - GET "/div", parameters={}
2024-07-23 21:07:28,587[http-nio-4041-exec-5] DEBUG o.s.w.s.m.m.a.RequestMappingHandlerMapping - Mapped to com.mea.rest.ArithmeticOperationsController#division()
2024-07-23 21:07:28,587[http-nio-4041-exec-5] DEBUG c.m.rest.ArithmeticOperationsController - At the begining of division() method.
2024-07-23 21:07:28,587[http-nio-4041-exec-5] DEBUG c.m.rest.ArithmeticOperationsController - Performing Arithmetic Operation
2024-07-23 21:07:28,591[http-nio-4041-exec-5] ERROR c.m.rest.ArithmeticOperationsController - Problem in Arithmetic Operation : / by zero
2024-07-23 21:07:28,592[http-nio-4041-exec-5] DEBUG o.s.w.s.m.m.a.HttpEntityMethodProcessor - Using 'text/html', given [text/html, application/xhtml+xml, image/avif, image/webp, image/apng, application/xml;q=0.9, */*;q=0.8, application/signed-exchange;v=b3;q=0.7] and supported [text/plain, */*, application/json, application/*+json]
2024-07-23 21:07:28,593[http-nio-4041-exec-5] DEBUG o.s.w.s.m.m.a.HttpEntityMethodProcessor - Writing ["Problem in Arithmetic Operation : / by zero"]
2024-07-23 21:07:28,594[http-nio-4041-exec-5] DEBUG o.s.web.servlet.DispatcherServlet - Completed 200 OK
2024-07-23 21:07:28,802[http-nio-4041-exec-6] DEBUG o.s.web.servlet.DispatcherServlet - GET "/div", parameters={}
2024-07-23 21:07:28,803[http-nio-4041-exec-6] DEBUG o.s.w.s.m.m.a.RequestMappingHandlerMapping - Mapped to com.mea.rest.ArithmeticOperationsController#division()
2024-07-23 21:07:28,803[http-nio-4041-exec-6] DEBUG c.m.rest.ArithmeticOperationsController - At the begining of division() method.
2024-07-23 21:07:28,804[http-nio-4041-exec-6] DEBUG c.m.rest.ArithmeticOperationsController - Performing Arithmetic Operation
2024-07-23 21:07:28,808[http-nio-4041-exec-6] ERROR c.m.rest.ArithmeticOperationsController - Problem in Arithmetic Operation : / by zero
2024-07-23 21:07:28,810[http-nio-4041-exec-6] DEBUG o.s.w.s.m.m.a.HttpEntityMethodProcessor - Using 'text/html', given [text/html, application/xhtml+xml, image/avif, image/webp, image/apng, application/xml;q=0.9, */*;q=0.8, application/signed-exchange;v=b3;q=0.7] and supported [text/plain, */*, application/json, application/*+json]
2024-07-23 21:07:28,810[http-nio-4041-exec-6] DEBUG o.s.w.s.m.m.a.HttpEntityMethodProcessor - Writing ["Problem in Arithmetic Operation : / by zero"]
2024-07-23 21:07:28,811[http-nio-4041-exec-6] DEBUG o.s.web.servlet.DispatcherServlet - Completed 200 OK
2024-07-23 21:07:28,871[http-nio-4041-exec-7] DEBUG o.s.web.servlet.DispatcherServlet - GET "/div", parameters={}
2024-07-23 21:07:28,871[http-nio-4041-exec-7] DEBUG o.s.w.s.m.m.a.RequestMappingHandlerMapping - Mapped to com.mea.rest.ArithmeticOperationsController#division()
2024-07-23 21:07:28,871[http-nio-4041-exec-7] DEBUG c.m.rest.ArithmeticOperationsController - At the begining of division() method.
2024-07-23 21:07:28,871[http-nio-4041-exec-7] DEBUG c.m.rest.ArithmeticOperationsController - Performing Arithmetic Operation
2024-07-23 21:07:28,876[http-nio-4041-exec-7] ERROR c.m.rest.ArithmeticOperationsController - Problem in Arithmetic Operation : / by zero
2024-07-23 21:07:28,877[http-nio-4041-exec-7] DEBUG o.s.w.s.m.m.a.HttpEntityMethodProcessor - Using 'text/html', given [text/html, application/xhtml+xml, image/avif, image/webp, image/apng, application/xml;q=0.9, */*;q=0.8, application/signed-exchange;v=b3;q=0.7] and supported [text/plain, */*, application/json, application/*+json]
2024-07-23 21:07:28,877[http-nio-4041-exec-7] DEBUG o.s.w.s.m.m.a.HttpEntityMethodProcessor - Writing ["Problem in Arithmetic Operation : / by zero"]
2024-07-23 21:07:28,878[http-nio-4041-exec-7] DEBUG o.s.web.servlet.DispatcherServlet - Completed 200 OK
2024-07-23 21:07:29,094[http-nio-4041-exec-8] DEBUG o.s.web.servlet.DispatcherServlet - GET "/div", parameters={}
2024-07-23 21:07:29,094[http-nio-4041-exec-8] DEBUG o.s.w.s.m.m.a.RequestMappingHandlerMapping - Mapped to com.mea.rest.ArithmeticOperationsController#division()
2024-07-23 21:07:29,094[http-nio-4041-exec-8] DEBUG c.m.rest.ArithmeticOperationsController - At the begining of division() method.
2024-07-23 21:07:29,094[http-nio-4041-exec-8] DEBUG c.m.rest.ArithmeticOperationsController - Performing Arithmetic Operation
2024-07-23 21:07:29,107[http-nio-4041-exec-8] ERROR c.m.rest.ArithmeticOperationsController - Problem in Arithmetic Operation : / by zero
2024-07-23 21:07:29,108[http-nio-4041-exec-8] DEBUG o.s.w.s.m.m.a.HttpEntityMethodProcessor - Using 'text/html', given [text/html, application/xhtml+xml, image/avif, image/webp, image/apng, application/xml;q=0.9, */*;q=0.8, application/signed-exchange;v=b3;q=0.7] and supported [text/plain, */*, application/json, application/*+json]
2024-07-23 21:07:29,108[http-nio-4041-exec-8] DEBUG o.s.w.s.m.m.a.HttpEntityMethodProcessor - Writing ["Problem in Arithmetic Operation : / by zero"]
2024-07-23 21:07:29,109[http-nio-4041-exec-8] DEBUG o.s.web.servlet.DispatcherServlet - Completed 200 OK
2024-07-23 21:07:29,369[http-nio-4041-exec-9] DEBUG o.s.web.servlet.DispatcherServlet - GET "/div", parameters={}
2024-07-23 21:07:29,369[http-nio-4041-exec-9] DEBUG o.s.w.s.m.m.a.RequestMappingHandlerMapping - Mapped to com.mea.rest.ArithmeticOperationsController#division()
2024-07-23 21:07:29,370[http-nio-4041-exec-9] DEBUG c.m.rest.ArithmeticOperationsController - At the begining of division() method.
2024-07-23 21:07:29,370[http-nio-4041-exec-9] DEBUG c.m.rest.ArithmeticOperationsController - Performing Arithmetic Operation
2024-07-23 21:07:29,372[http-nio-4041-exec-9] ERROR c.m.rest.ArithmeticOperationsController - Problem in Arithmetic Operation : / by zero
2024-07-23 21:07:29,373[http-nio-4041-exec-9] DEBUG o.s.w.s.m.m.a.HttpEntityMethodProcessor - Using 'text/html', given [text/html, application/xhtml+xml, image/avif, image/webp, image/apng, application/xml;q=0.9, */*;q=0.8, application/signed-exchange;v=b3;q=0.7] and supported [text/plain, */*, application/json, application/*+json]
2024-07-23 21:07:29,373[http-nio-4041-exec-9] DEBUG o.s.w.s.m.m.a.HttpEntityMethodProcessor - Writing ["Problem in Arithmetic Operation : / by zero"]
2024-07-23 21:07:29,375[http-nio-4041-exec-9] DEBUG o.s.web.servlet.DispatcherServlet - Completed 200 OK
2024-07-23 21:07:29,623[http-nio-4041-exec-10] DEBUG o.s.web.servlet.DispatcherServlet - GET "/div", parameters={}
2024-07-23 21:07:29,624[http-nio-4041-exec-10] DEBUG o.s.w.s.m.m.a.RequestMappingHandlerMapping - Mapped to com.mea.rest.ArithmeticOperationsController#division()
2024-07-23 21:07:29,624[http-nio-4041-exec-10] DEBUG c.m.rest.ArithmeticOperationsController - At the begining of division() method.
2024-07-23 21:07:29,624[http-nio-4041-exec-10] DEBUG c.m.rest.ArithmeticOperationsController - Performing Arithmetic Operation
2024-07-23 21:07:29,626[http-nio-4041-exec-10] ERROR c.m.rest.ArithmeticOperationsController - Problem in Arithmetic Operation : / by zero
2024-07-23 21:07:29,627[http-nio-4041-exec-10] DEBUG o.s.w.s.m.m.a.HttpEntityMethodProcessor - Using 'text/html', given [text/html, application/xhtml+xml, image/avif, image/webp, image/apng, application/xml;q=0.9, */*;q=0.8, application/signed-exchange;v=b3;q=0.7] and supported [text/plain, */*, application/json, application/*+json]
2024-07-23 21:07:29,627[http-nio-4041-exec-10] DEBUG o.s.w.s.m.m.a.HttpEntityMethodProcessor - Writing ["Problem in Arithmetic Operation : / by zero"]
2024-07-23 21:07:29,631[http-nio-4041-exec-10] DEBUG o.s.web.servlet.DispatcherServlet - Completed 200 OK
2024-07-23 21:07:29,780[http-nio-4041-exec-1] DEBUG o.s.web.servlet.DispatcherServlet - GET "/div", parameters={}
2024-07-23 21:07:29,781[http-nio-4041-exec-1] DEBUG o.s.w.s.m.m.a.RequestMappingHandlerMapping - Mapped to com.mea.rest.ArithmeticOperationsController#division()
2024-07-23 21:07:29,782[http-nio-4041-exec-1] DEBUG c.m.rest.ArithmeticOperationsController - At the begining of division() method.
2024-07-23 21:07:29,782[http-nio-4041-exec-1] DEBUG c.m.rest.ArithmeticOperationsController - Performing Arithmetic Operation
2024-07-23 21:07:29,787[http-nio-4041-exec-1] ERROR c.m.rest.ArithmeticOperationsController - Problem in Arithmetic Operation : / by zero
2024-07-23 21:07:29,789[http-nio-4041-exec-1] DEBUG o.s.w.s.m.m.a.HttpEntityMethodProcessor - Using 'text/html', given [text/html, application/xhtml+xml, image/avif, image/webp, image/apng, application/xml;q=0.9, */*;q=0.8, application/signed-exchange;v=b3;q=0.7] and supported [text/plain, */*, application/json, application/*+json]
2024-07-23 21:07:29,789[http-nio-4041-exec-1] DEBUG o.s.w.s.m.m.a.HttpEntityMethodProcessor - Writing ["Problem in Arithmetic Operation : / by zero"]
2024-07-23 21:07:29,790[http-nio-4041-exec-1] DEBUG o.s.web.servlet.DispatcherServlet - Completed 200 OK
